{"meta": {"format": 3, "version": "7.15.2", "timestamp": "2026-07-16T15:43:43.498387", "branch_coverage": false, "show_contexts": false}, "files": {"appguardrail_core/__init__.py": {"executed_lines": [3, 6, 11, 13, 16, 28, 30, 34], "summary": {"covered_lines": 8, "num_statements": 8, "percent_covered": 100.0, "percent_covered_display": "100", "missing_lines": 0, "excluded_lines": 0, "percent_statements_covered": 100.0, "percent_statements_covered_display": "100"}, "missing_lines": [], "excluded_lines": [], "functions": {"": {"executed_lines": [3, 6, 11, 13, 16, 28, 30, 34], "summary": {"covered_lines": 8, "num_statements": 8, "percent_covered": 100.0, "percent_covered_display": "100", "missing_lines": 0, "excluded_lines": 0, "percent_statements_covered": 100.0, "percent_statements_covered_display": "100"}, "missing_lines": [], "excluded_lines": [], "start_line": 1}}, "classes": {"": {"executed_lines": [3, 6, 11, 13, 16, 28, 30, 34], "summary": {"covered_lines": 8, "num_statements": 8, "percent_covered": 100.0, "percent_covered_display": "100", "missing_lines": 0, "excluded_lines": 0, "percent_statements_covered": 100.0, "percent_statements_covered_display": "100"}, "missing_lines": [], "excluded_lines": [], "start_line": 1}}}, "appguardrail_core/autofix.py": {"executed_lines": [10, 12, 13, 16, 17, 18, 19, 24, 29, 31, 33, 34, 39, 40, 47, 49, 53, 61, 62, 63, 64, 65, 68, 70, 71, 72, 73, 74, 75], "summary": {"covered_lines": 29, "num_statements": 29, "percent_covered": 100.0, "percent_covered_display": "100", "missing_lines": 0, "excluded_lines": 11, "percent_statements_covered": 100.0, "percent_statements_covered_display": "100"}, "missing_lines": [], "excluded_lines": [78, 79, 80, 81, 82, 83, 85, 86, 88, 89, 90], "functions": {"_fix_target_blank_noopener": {"executed_lines": [29, 31, 49], "summary": {"covered_lines": 3, "num_statements": 3, "percent_covered": 100.0, "percent_covered_display": "100", "missing_lines": 0, "excluded_lines": 0, "percent_statements_covered": 100.0, "percent_statements_covered_display": "100"}, "missing_lines": [], "excluded_lines": [], "start_line": 24}, "_fix_target_blank_noopener.repl": {"executed_lines": [33, 34, 39, 40, 47], "summary": {"covered_lines": 5, "num_statements": 5, "percent_covered": 100.0, "percent_covered_display": "100", "missing_lines": 0, "excluded_lines": 0, "percent_statements_covered": 100.0, "percent_statements_covered_display": "100"}, "missing_lines": [], "excluded_lines": [], "start_line": 31}, "fixable_extensions": {"executed_lines": [62, 63, 64, 65], "summary": {"covered_lines": 4, "num_statements": 4, "percent_covered": 100.0, "percent_covered_display": "100", "missing_lines": 0, "excluded_lines": 0, "percent_statements_covered": 100.0, "percent_statements_covered_display": "100"}, "missing_lines": [], "excluded_lines": [], "start_line": 61}, "apply_safe_fixes": {"executed_lines": [70, 71, 72, 73, 74, 75], "summary": {"covered_lines": 6, "num_statements": 6, "percent_covered": 100.0, "percent_covered_display": "100", "missing_lines": 0, "excluded_lines": 0, "percent_statements_covered": 100.0, "percent_statements_covered_display": "100"}, "missing_lines": [], "excluded_lines": [], "start_line": 68}, "": {"executed_lines": [10, 12, 13, 16, 17, 18, 19, 24, 53, 61, 68], "summary": {"covered_lines": 11, "num_statements": 11, "percent_covered": 100.0, "percent_covered_display": "100", "missing_lines": 0, "excluded_lines": 11, "percent_statements_covered": 100.0, "percent_statements_covered_display": "100"}, "missing_lines": [], "excluded_lines": [78, 79, 80, 81, 82, 83, 85, 86, 88, 89, 90], "start_line": 1}}, "classes": {"": {"executed_lines": [10, 12, 13, 16, 17, 18, 19, 24, 29, 31, 33, 34, 39, 40, 47, 49, 53, 61, 62, 63, 64, 65, 68, 70, 71, 72, 73, 74, 75], "summary": {"covered_lines": 29, "num_statements": 29, "percent_covered": 100.0, "percent_covered_display": "100", "missing_lines": 0, "excluded_lines": 11, "percent_statements_covered": 100.0, "percent_statements_covered_display": "100"}, "missing_lines": [], "excluded_lines": [78, 79, 80, 81, 82, 83, 85, 86, 88, 89, 90], "start_line": 1}}}, "appguardrail_core/config.py": {"executed_lines": [15, 17, 18, 19, 21, 23, 26, 28, 29, 30, 31, 32, 33, 34, 35, 36, 37, 40, 46, 47, 48, 49, 50, 51, 52, 53, 54, 56, 58, 59, 60, 61, 62, 65, 66, 68, 69, 70, 71, 73], "summary": {"covered_lines": 40, "num_statements": 40, "percent_covered": 100.0, "percent_covered_display": "100", "missing_lines": 0, "excluded_lines": 10, "percent_statements_covered": 100.0, "percent_statements_covered_display": "100"}, "missing_lines": [], "excluded_lines": [76, 77, 79, 80, 83, 84, 85, 86, 87, 88], "functions": {"find_config": {"executed_lines": [28, 29, 30, 31, 32, 33, 34, 35, 36, 37], "summary": {"covered_lines": 10, "num_statements": 10, "percent_covered": 100.0, "percent_covered_display": "100", "missing_lines": 0, "excluded_lines": 0, "percent_statements_covered": 100.0, "percent_statements_covered_display": "100"}, "missing_lines": [], "excluded_lines": [], "start_line": 26}, "load_config": {"executed_lines": [46, 47, 48, 49, 50, 51, 52, 53, 54, 56, 58, 59, 60, 61, 62, 65, 66, 68, 69, 70, 71, 73], "summary": {"covered_lines": 22, "num_statements": 22, "percent_covered": 100.0, "percent_covered_display": "100", "missing_lines": 0, "excluded_lines": 0, "percent_statements_covered": 100.0, "percent_statements_covered_display": "100"}, "missing_lines": [], "excluded_lines": [], "start_line": 40}, "": {"executed_lines": [15, 17, 18, 19, 21, 23, 26, 40], "summary": {"covered_lines": 8, "num_statements": 8, "percent_covered": 100.0, "percent_covered_display": "100", "missing_lines": 0, "excluded_lines": 10, "percent_statements_covered": 100.0, "percent_statements_covered_display": "100"}, "missing_lines": [], "excluded_lines": [76, 77, 79, 80, 83, 84, 85, 86, 87, 88], "start_line": 1}}, "classes": {"": {"executed_lines": [15, 17, 18, 19, 21, 23, 26, 28, 29, 30, 31, 32, 33, 34, 35, 36, 37, 40, 46, 47, 48, 49, 50, 51, 52, 53, 54, 56, 58, 59, 60, 61, 62, 65, 66, 68, 69, 70, 71, 73], "summary": {"covered_lines": 40, "num_statements": 40, "percent_covered": 100.0, "percent_covered_display": "100", "missing_lines": 0, "excluded_lines": 10, "percent_statements_covered": 100.0, "percent_statements_covered_display": "100"}, "missing_lines": [], "excluded_lines": [76, 77, 79, 80, 83, 84, 85, 86, 87, 88], "start_line": 1}}}, "appguardrail_core/controlplane.py": {"executed_lines": [13, 15, 16, 17, 18, 19, 20, 21, 22, 23, 25, 27, 61, 62, 68, 69, 70, 75, 78, 87, 96, 98, 99, 100, 101, 102, 105, 107, 108, 112, 113, 117, 118, 121, 123, 124, 125, 128, 131, 133, 136, 138, 139, 142, 144, 145, 148, 151, 153, 156, 158, 161, 173, 174, 175, 176, 178, 179, 186, 187, 188, 189, 191, 192, 211, 217, 218, 221, 222, 228, 229, 230, 231, 233, 234, 238, 239, 240, 242, 243, 245, 246, 247, 248, 249, 259, 260, 261, 262, 263, 265, 267, 268, 269, 270, 271, 272, 273, 274, 277, 281, 284, 297, 298, 300, 303, 304, 306, 308, 309, 315, 316, 319, 324, 325, 328, 330, 333, 340, 341, 342, 346, 347, 350, 352, 353, 354, 357, 358, 360, 363, 366, 374, 375, 376, 377, 380, 385, 386, 387, 390, 391, 393, 394, 410, 413, 414, 417, 418, 419, 435, 445, 449, 454, 469, 473, 478, 488, 492, 495, 496, 497, 510, 512, 513, 514, 519, 529, 531, 532, 533, 534, 535, 537, 538, 539, 540, 541, 542, 543, 544, 546, 547, 548, 549, 551, 552, 553, 554, 556, 559, 560, 563, 565, 566, 567, 568, 569, 570, 571, 572, 573, 574, 575, 576, 577, 578, 579, 590, 591, 594, 595, 596, 597, 604, 606, 607, 608, 611, 613, 614, 615, 619, 620, 621, 623, 624, 626, 628, 629, 630, 631, 632, 634, 635, 637, 638, 639, 640, 641, 643, 644, 647, 654, 655, 658, 659, 660, 661, 662, 663, 666, 667, 670, 672, 674, 676], "summary": {"covered_lines": 257, "num_statements": 282, "percent_covered": 91.13475177304964, "percent_covered_display": "91", "missing_lines": 25, "excluded_lines": 15, "percent_statements_covered": 91.13475177304964, "percent_statements_covered_display": "91"}, "missing_lines": [146, 147, 223, 224, 225, 235, 236, 278, 279, 301, 320, 321, 515, 516, 561, 562, 602, 609, 610, 616, 617, 622, 625, 633, 642], "excluded_lines": [679, 680, 681, 682, 683, 684, 694, 695, 696, 697, 698, 700, 701, 702, 703], "functions": {"_now": {"executed_lines": [62], "summary": {"covered_lines": 1, "num_statements": 1, "percent_covered": 100.0, "percent_covered_display": "100", "missing_lines": 0, "excluded_lines": 0, "percent_statements_covered": 100.0, "percent_statements_covered_display": "100"}, "missing_lines": [], "excluded_lines": [], "start_line": 61}, "_hash_key": {"executed_lines": [87], "summary": {"covered_lines": 1, "num_statements": 1, "percent_covered": 100.0, "percent_covered_display": "100", "missing_lines": 0, "excluded_lines": 0, "percent_statements_covered": 100.0, "percent_statements_covered_display": "100"}, "missing_lines": [], "excluded_lines": [], "start_line": 78}, "connect": {"executed_lines": [98, 99, 100, 101, 102], "summary": {"covered_lines": 5, "num_statements": 5, "percent_covered": 100.0, "percent_covered_display": "100", "missing_lines": 0, "excluded_lines": 0, "percent_statements_covered": 100.0, "percent_statements_covered_display": "100"}, "missing_lines": [], "excluded_lines": [], "start_line": 96}, "create_org": {"executed_lines": [107, 108, 112, 113, 117, 118], "summary": {"covered_lines": 6, "num_statements": 6, "percent_covered": 100.0, "percent_covered_display": "100", "missing_lines": 0, "excluded_lines": 0, "percent_statements_covered": 100.0, "percent_statements_covered_display": "100"}, "missing_lines": [], "excluded_lines": [], "start_line": 105}, "org_for_key": {"executed_lines": [123, 124, 125, 128], "summary": {"covered_lines": 4, "num_statements": 4, "percent_covered": 100.0, "percent_covered_display": "100", "missing_lines": 0, "excluded_lines": 0, "percent_statements_covered": 100.0, "percent_statements_covered_display": "100"}, "missing_lines": [], "excluded_lines": [], "start_line": 121}, "_drift_fp": {"executed_lines": [133], "summary": {"covered_lines": 1, "num_statements": 1, "percent_covered": 100.0, "percent_covered_display": "100", "missing_lines": 0, "excluded_lines": 0, "percent_statements_covered": 100.0, "percent_statements_covered_display": "100"}, "missing_lines": [], "excluded_lines": [], "start_line": 131}, "set_webhook": {"executed_lines": [138, 139], "summary": {"covered_lines": 2, "num_statements": 2, "percent_covered": 100.0, "percent_covered_display": "100", "missing_lines": 0, "excluded_lines": 0, "percent_statements_covered": 100.0, "percent_statements_covered_display": "100"}, "missing_lines": [], "excluded_lines": [], "start_line": 136}, "_is_slack_webhook": {"executed_lines": [144, 145, 148], "summary": {"covered_lines": 3, "num_statements": 5, "percent_covered": 60.0, "percent_covered_display": "60", "missing_lines": 2, "excluded_lines": 0, "percent_statements_covered": 60.0, "percent_statements_covered_display": "60"}, "missing_lines": [146, 147], "excluded_lines": [], "start_line": 142}, "_slack_escape": {"executed_lines": [153], "summary": {"covered_lines": 1, "num_statements": 1, "percent_covered": 100.0, "percent_covered_display": "100", "missing_lines": 0, "excluded_lines": 0, "percent_statements_covered": 100.0, "percent_statements_covered_display": "100"}, "missing_lines": [], "excluded_lines": [], "start_line": 151}, "_trim": {"executed_lines": [158], "summary": {"covered_lines": 1, "num_statements": 1, "percent_covered": 100.0, "percent_covered_display": "100", "missing_lines": 0, "excluded_lines": 0, "percent_statements_covered": 100.0, "percent_statements_covered_display": "100"}, "missing_lines": [], "excluded_lines": [], "start_line": 156}, "_slack_blocks": {"executed_lines": [173, 174, 175, 176, 178, 179, 186, 187, 188, 189, 191, 192, 211], "summary": {"covered_lines": 13, "num_statements": 13, "percent_covered": 100.0, "percent_covered_display": "100", "missing_lines": 0, "excluded_lines": 0, "percent_statements_covered": 100.0, "percent_statements_covered_display": "100"}, "missing_lines": [], "excluded_lines": [], "start_line": 161}, "SafeRedirectHandler.redirect_request": {"executed_lines": [], "summary": {"covered_lines": 0, "num_statements": 3, "percent_covered": 0.0, "percent_covered_display": "0", "missing_lines": 3, "excluded_lines": 0, "percent_statements_covered": 0.0, "percent_statements_covered_display": "0"}, "missing_lines": [223, 224, 225], "excluded_lines": [], "start_line": 222}, "_is_safe_url": {"executed_lines": [229, 230, 231, 233, 234, 238, 239, 240, 242, 243, 245, 259, 260, 261, 262, 263, 265, 267, 268, 269, 270, 271, 272, 273, 274, 277, 281], "summary": {"covered_lines": 27, "num_statements": 31, "percent_covered": 87.09677419354838, "percent_covered_display": "87", "missing_lines": 4, "excluded_lines": 0, "percent_statements_covered": 87.09677419354838, "percent_statements_covered_display": "87"}, "missing_lines": [235, 236, 278, 279], "excluded_lines": [], "start_line": 228}, "_is_safe_url.is_bad_ip": {"executed_lines": [246, 247, 248, 249], "summary": {"covered_lines": 4, "num_statements": 4, "percent_covered": 100.0, "percent_covered_display": "100", "missing_lines": 0, "excluded_lines": 0, "percent_statements_covered": 100.0, "percent_statements_covered_display": "100"}, "missing_lines": [], "excluded_lines": [], "start_line": 245}, "_send_alert": {"executed_lines": [297, 298, 300, 303, 304, 306, 308, 309, 315, 316, 319], "summary": {"covered_lines": 11, "num_statements": 14, "percent_covered": 78.57142857142857, "percent_covered_display": "79", "missing_lines": 3, "excluded_lines": 0, "percent_statements_covered": 78.57142857142857, "percent_statements_covered_display": "79"}, "missing_lines": [301, 320, 321], "excluded_lines": [], "start_line": 284}, "has_role": {"executed_lines": [330], "summary": {"covered_lines": 1, "num_statements": 1, "percent_covered": 100.0, "percent_covered_display": "100", "missing_lines": 0, "excluded_lines": 0, "percent_statements_covered": 100.0, "percent_statements_covered_display": "100"}, "missing_lines": [], "excluded_lines": [], "start_line": 328}, "create_key": {"executed_lines": [340, 341, 342, 346, 347], "summary": {"covered_lines": 5, "num_statements": 5, "percent_covered": 100.0, "percent_covered_display": "100", "missing_lines": 0, "excluded_lines": 0, "percent_statements_covered": 100.0, "percent_statements_covered_display": "100"}, "missing_lines": [], "excluded_lines": [], "start_line": 333}, "role_for_key": {"executed_lines": [352, 353, 354, 357, 358, 360, 363], "summary": {"covered_lines": 7, "num_statements": 7, "percent_covered": 100.0, "percent_covered_display": "100", "missing_lines": 0, "excluded_lines": 0, "percent_statements_covered": 100.0, "percent_statements_covered_display": "100"}, "missing_lines": [], "excluded_lines": [], "start_line": 350}, "add_scan": {"executed_lines": [374, 375, 376, 377, 380, 385, 386, 387, 390, 391, 393, 394, 410, 413, 414, 417, 418, 419, 435], "summary": {"covered_lines": 19, "num_statements": 19, "percent_covered": 100.0, "percent_covered_display": "100", "missing_lines": 0, "excluded_lines": 0, "percent_statements_covered": 100.0, "percent_statements_covered_display": "100"}, "missing_lines": [], "excluded_lines": [], "start_line": 366}, "list_scans": {"executed_lines": [449, 454], "summary": {"covered_lines": 2, "num_statements": 2, "percent_covered": 100.0, "percent_covered_display": "100", "missing_lines": 0, "excluded_lines": 0, "percent_statements_covered": 100.0, "percent_statements_covered_display": "100"}, "missing_lines": [], "excluded_lines": [], "start_line": 445}, "scan_trend": {"executed_lines": [473, 478], "summary": {"covered_lines": 2, "num_statements": 2, "percent_covered": 100.0, "percent_covered_display": "100", "missing_lines": 0, "excluded_lines": 0, "percent_statements_covered": 100.0, "percent_statements_covered_display": "100"}, "missing_lines": [], "excluded_lines": [], "start_line": 469}, "get_scan": {"executed_lines": [492, 495, 496, 497], "summary": {"covered_lines": 4, "num_statements": 4, "percent_covered": 100.0, "percent_covered_display": "100", "missing_lines": 0, "excluded_lines": 0, "percent_statements_covered": 100.0, "percent_statements_covered_display": "100"}, "missing_lines": [], "excluded_lines": [], "start_line": 488}, "console_html": {"executed_lines": [512, 513, 514], "summary": {"covered_lines": 3, "num_statements": 5, "percent_covered": 60.0, "percent_covered_display": "60", "missing_lines": 2, "excluded_lines": 0, "percent_statements_covered": 60.0, "percent_statements_covered_display": "60"}, "missing_lines": [515, 516], "excluded_lines": [], "start_line": 510}, "make_control_plane_server": {"executed_lines": [529, 531, 532, 533, 534, 535, 537, 538, 546, 551, 604, 606, 619, 672, 676], "summary": {"covered_lines": 15, "num_statements": 15, "percent_covered": 100.0, "percent_covered_display": "100", "missing_lines": 0, "excluded_lines": 0, "percent_statements_covered": 100.0, "percent_statements_covered_display": "100"}, "missing_lines": [], "excluded_lines": [], "start_line": 519}, "make_control_plane_server._Handler._json": {"executed_lines": [539, 540, 541, 542, 543, 544], "summary": {"covered_lines": 6, "num_statements": 6, "percent_covered": 100.0, "percent_covered_display": "100", "missing_lines": 0, "excluded_lines": 0, "percent_statements_covered": 100.0, "percent_statements_covered_display": "100"}, "missing_lines": [], "excluded_lines": [], "start_line": 538}, "make_control_plane_server._Handler._auth": {"executed_lines": [547, 548, 549], "summary": {"covered_lines": 3, "num_statements": 3, "percent_covered": 100.0, "percent_covered_display": "100", "missing_lines": 0, "excluded_lines": 0, "percent_statements_covered": 100.0, "percent_statements_covered_display": "100"}, "missing_lines": [], "excluded_lines": [], "start_line": 546}, "make_control_plane_server._Handler.do_GET": {"executed_lines": [552, 553, 554, 556, 565, 566, 567, 568, 569, 570, 571, 572, 573, 574, 575, 576, 577, 578, 579, 590, 591, 594, 595, 596, 597], "summary": {"covered_lines": 25, "num_statements": 26, "percent_covered": 96.15384615384616, "percent_covered_display": "96", "missing_lines": 1, "excluded_lines": 0, "percent_statements_covered": 96.15384615384616, "percent_statements_covered_display": "96"}, "missing_lines": [602], "excluded_lines": [], "start_line": 551}, "make_control_plane_server._Handler.do_GET._qint": {"executed_lines": [559, 560, 563], "summary": {"covered_lines": 3, "num_statements": 5, "percent_covered": 60.0, "percent_covered_display": "60", "missing_lines": 2, "excluded_lines": 0, "percent_statements_covered": 60.0, "percent_statements_covered_display": "60"}, "missing_lines": [561, 562], "excluded_lines": [], "start_line": 556}, "make_control_plane_server._Handler._body": {"executed_lines": [607, 608, 611, 613, 614, 615], "summary": {"covered_lines": 6, "num_statements": 10, "percent_covered": 60.0, "percent_covered_display": "60", "missing_lines": 4, "excluded_lines": 0, "percent_statements_covered": 60.0, "percent_statements_covered_display": "60"}, "missing_lines": [609, 610, 616, 617], "excluded_lines": [], "start_line": 606}, "make_control_plane_server._Handler.do_POST": {"executed_lines": [620, 621, 623, 624, 626, 628, 629, 630, 631, 632, 634, 635, 637, 638, 639, 640, 641, 643, 644, 647, 654, 655, 658, 659, 660, 661, 662, 663, 666, 667, 670], "summary": {"covered_lines": 31, "num_statements": 35, "percent_covered": 88.57142857142857, "percent_covered_display": "89", "missing_lines": 4, "excluded_lines": 0, "percent_statements_covered": 88.57142857142857, "percent_statements_covered_display": "89"}, "missing_lines": [622, 625, 633, 642], "excluded_lines": [], "start_line": 619}, "make_control_plane_server._Handler.log_message": {"executed_lines": [674], "summary": {"covered_lines": 1, "num_statements": 1, "percent_covered": 100.0, "percent_covered_display": "100", "missing_lines": 0, "excluded_lines": 0, "percent_statements_covered": 100.0, "percent_statements_covered_display": "100"}, "missing_lines": [], "excluded_lines": [], "start_line": 672}, "": {"executed_lines": [13, 15, 16, 17, 18, 19, 20, 21, 22, 23, 25, 27, 61, 68, 69, 70, 75, 78, 96, 105, 121, 131, 136, 142, 151, 156, 161, 217, 218, 221, 222, 228, 284, 324, 325, 328, 333, 350, 366, 445, 469, 488, 510, 519], "summary": {"covered_lines": 44, "num_statements": 44, "percent_covered": 100.0, "percent_covered_display": "100", "missing_lines": 0, "excluded_lines": 15, "percent_statements_covered": 100.0, "percent_statements_covered_display": "100"}, "missing_lines": [], "excluded_lines": [679, 680, 681, 682, 683, 684, 694, 695, 696, 697, 698, 700, 701, 702, 703], "start_line": 1}}, "classes": {"SafeRedirectHandler": {"executed_lines": [], "summary": {"covered_lines": 0, "num_statements": 3, "percent_covered": 0.0, "percent_covered_display": "0", "missing_lines": 3, "excluded_lines": 0, "percent_statements_covered": 0.0, "percent_statements_covered_display": "0"}, "missing_lines": [223, 224, 225], "excluded_lines": [], "start_line": 221}, "make_control_plane_server._Handler": {"executed_lines": [539, 540, 541, 542, 543, 544, 547, 548, 549, 552, 553, 554, 556, 559, 560, 563, 565, 566, 567, 568, 569, 570, 571, 572, 573, 574, 575, 576, 577, 578, 579, 590, 591, 594, 595, 596, 597, 607, 608, 611, 613, 614, 615, 620, 621, 623, 624, 626, 628, 629, 630, 631, 632, 634, 635, 637, 638, 639, 640, 641, 643, 644, 647, 654, 655, 658, 659, 660, 661, 662, 663, 666, 667, 670, 674], "summary": {"covered_lines": 75, "num_statements": 86, "percent_covered": 87.20930232558139, "percent_covered_display": "87", "missing_lines": 11, "excluded_lines": 0, "percent_statements_covered": 87.20930232558139, "percent_statements_covered_display": "87"}, "missing_lines": [561, 562, 602, 609, 610, 616, 617, 622, 625, 633, 642], "excluded_lines": [], "start_line": 537}, "": {"executed_lines": [13, 15, 16, 17, 18, 19, 20, 21, 22, 23, 25, 27, 61, 62, 68, 69, 70, 75, 78, 87, 96, 98, 99, 100, 101, 102, 105, 107, 108, 112, 113, 117, 118, 121, 123, 124, 125, 128, 131, 133, 136, 138, 139, 142, 144, 145, 148, 151, 153, 156, 158, 161, 173, 174, 175, 176, 178, 179, 186, 187, 188, 189, 191, 192, 211, 217, 218, 221, 222, 228, 229, 230, 231, 233, 234, 238, 239, 240, 242, 243, 245, 246, 247, 248, 249, 259, 260, 261, 262, 263, 265, 267, 268, 269, 270, 271, 272, 273, 274, 277, 281, 284, 297, 298, 300, 303, 304, 306, 308, 309, 315, 316, 319, 324, 325, 328, 330, 333, 340, 341, 342, 346, 347, 350, 352, 353, 354, 357, 358, 360, 363, 366, 374, 375, 376, 377, 380, 385, 386, 387, 390, 391, 393, 394, 410, 413, 414, 417, 418, 419, 435, 445, 449, 454, 469, 473, 478, 488, 492, 495, 496, 497, 510, 512, 513, 514, 519, 529, 531, 532, 533, 534, 535, 537, 538, 546, 551, 604, 606, 619, 672, 676], "summary": {"covered_lines": 182, "num_statements": 193, "percent_covered": 94.30051813471502, "percent_covered_display": "94", "missing_lines": 11, "excluded_lines": 15, "percent_statements_covered": 94.30051813471502, "percent_statements_covered_display": "94"}, "missing_lines": [146, 147, 235, 236, 278, 279, 301, 320, 321, 515, 516], "excluded_lines": [679, 680, 681, 682, 683, 684, 694, 695, 696, 697, 698, 700, 701, 702, 703], "start_line": 1}}}, "appguardrail_core/external.py": {"executed_lines": [3, 5, 6, 8, 11, 12, 15, 16, 17, 18, 19, 20, 21, 22, 23, 26, 27, 30, 31, 32, 33, 34, 36, 37, 38, 40, 41, 42, 47, 66, 67, 68, 69, 71, 135, 145, 146, 147, 148, 149, 150, 163, 169, 170, 171, 174], "summary": {"covered_lines": 46, "num_statements": 47, "percent_covered": 97.87234042553192, "percent_covered_display": "98", "missing_lines": 1, "excluded_lines": 0, "percent_statements_covered": 97.87234042553192, "percent_statements_covered_display": "98"}, "missing_lines": [175], "excluded_lines": [], "functions": {"ExternalScanPlan.decisions": {"executed_lines": [38], "summary": {"covered_lines": 1, "num_statements": 1, "percent_covered": 100.0, "percent_covered_display": "100", "missing_lines": 0, "excluded_lines": 0, "percent_statements_covered": 100.0, "percent_statements_covered_display": "100"}, "missing_lines": [], "excluded_lines": [], "start_line": 37}, "ExternalScanPlan.selected_names": {"executed_lines": [42], "summary": {"covered_lines": 1, "num_statements": 1, "percent_covered": 100.0, "percent_covered_display": "100", "missing_lines": 0, "excluded_lines": 0, "percent_statements_covered": 100.0, "percent_statements_covered_display": "100"}, "missing_lines": [], "excluded_lines": [], "start_line": 41}, "build_external_scan_plan": {"executed_lines": [66, 67, 68, 69, 71], "summary": {"covered_lines": 5, "num_statements": 5, "percent_covered": 100.0, "percent_covered_display": "100", "missing_lines": 0, "excluded_lines": 0, "percent_statements_covered": 100.0, "percent_statements_covered_display": "100"}, "missing_lines": [], "excluded_lines": [], "start_line": 47}, "_decision": {"executed_lines": [145, 146, 147, 148, 149, 150], "summary": {"covered_lines": 6, "num_statements": 6, "percent_covered": 100.0, "percent_covered_display": "100", "missing_lines": 0, "excluded_lines": 0, "percent_statements_covered": 100.0, "percent_statements_covered_display": "100"}, "missing_lines": [], "excluded_lines": [], "start_line": 135}, "_check_if_needed": {"executed_lines": [169, 170, 171], "summary": {"covered_lines": 3, "num_statements": 3, "percent_covered": 100.0, "percent_covered_display": "100", "missing_lines": 0, "excluded_lines": 0, "percent_statements_covered": 100.0, "percent_statements_covered_display": "100"}, "missing_lines": [], "excluded_lines": [], "start_line": 163}, "_missing_tool": {"executed_lines": [], "summary": {"covered_lines": 0, "num_statements": 1, "percent_covered": 0.0, "percent_covered_display": "0", "missing_lines": 1, "excluded_lines": 0, "percent_statements_covered": 0.0, "percent_statements_covered_display": "0"}, "missing_lines": [175], "excluded_lines": [], "start_line": 174}, "": {"executed_lines": [3, 5, 6, 8, 11, 12, 15, 16, 17, 18, 19, 20, 21, 22, 23, 26, 27, 30, 31, 32, 33, 34, 36, 37, 40, 41, 47, 135, 163, 174], "summary": {"covered_lines": 30, "num_statements": 30, "percent_covered": 100.0, "percent_covered_display": "100", "missing_lines": 0, "excluded_lines": 0, "percent_statements_covered": 100.0, "percent_statements_covered_display": "100"}, "missing_lines": [], "excluded_lines": [], "start_line": 1}}, "classes": {"ExternalEngineDecision": {"executed_lines": [], "summary": {"covered_lines": 0, "num_statements": 0, "percent_covered": 100.0, "percent_covered_display": "100", "missing_lines": 0, "excluded_lines": 0, "percent_statements_covered": 100.0, "percent_statements_covered_display": "100"}, "missing_lines": [], "excluded_lines": [], "start_line": 12}, "ExternalScanPlan": {"executed_lines": [38, 42], "summary": {"covered_lines": 2, "num_statements": 2, "percent_covered": 100.0, "percent_covered_display": "100", "missing_lines": 0, "excluded_lines": 0, "percent_statements_covered": 100.0, "percent_statements_covered_display": "100"}, "missing_lines": [], "excluded_lines": [], "start_line": 27}, "": {"executed_lines": [3, 5, 6, 8, 11, 12, 15, 16, 17, 18, 19, 20, 21, 22, 23, 26, 27, 30, 31, 32, 33, 34, 36, 37, 40, 41, 47, 66, 67, 68, 69, 71, 135, 145, 146, 147, 148, 149, 150, 163, 169, 170, 171, 174], "summary": {"covered_lines": 44, "num_statements": 45, "percent_covered": 97.77777777777777, "percent_covered_display": "98", "missing_lines": 1, "excluded_lines": 0, "percent_statements_covered": 97.77777777777777, "percent_statements_covered_display": "98"}, "missing_lines": [175], "excluded_lines": [], "start_line": 1}}}, "appguardrail_core/findings.py": {"executed_lines": [3, 5, 7, 8, 9, 11, 14, 20, 21, 22, 23, 24, 25, 26, 27, 28, 29, 30, 31, 36, 39, 42, 45, 51, 57, 59, 60, 61, 62, 63, 66, 75, 76, 77, 78, 81, 83, 84, 86, 89, 91, 92, 99, 101, 102, 103, 104, 107, 108, 109, 110, 111, 112, 113], "summary": {"covered_lines": 54, "num_statements": 57, "percent_covered": 94.73684210526316, "percent_covered_display": "95", "missing_lines": 3, "excluded_lines": 0, "percent_statements_covered": 94.73684210526316, "percent_statements_covered_display": "95"}, "missing_lines": [85, 114, 115], "excluded_lines": [], "functions": {"normalize_finding": {"executed_lines": [20, 21, 22, 23, 24, 25, 26, 27, 28, 29, 30, 31, 36, 39, 42], "summary": {"covered_lines": 15, "num_statements": 15, "percent_covered": 100.0, "percent_covered_display": "100", "missing_lines": 0, "excluded_lines": 0, "percent_statements_covered": 100.0, "percent_statements_covered_display": "100"}, "missing_lines": [], "excluded_lines": [], "start_line": 14}, "normalize_findings": {"executed_lines": [51], "summary": {"covered_lines": 1, "num_statements": 1, "percent_covered": 100.0, "percent_covered_display": "100", "missing_lines": 0, "excluded_lines": 0, "percent_statements_covered": 100.0, "percent_statements_covered_display": "100"}, "missing_lines": [], "excluded_lines": [], "start_line": 45}, "severity_counts": {"executed_lines": [59, 60, 61, 62, 63], "summary": {"covered_lines": 5, "num_statements": 5, "percent_covered": 100.0, "percent_covered_display": "100", "missing_lines": 0, "excluded_lines": 0, "percent_statements_covered": 100.0, "percent_statements_covered_display": "100"}, "missing_lines": [], "excluded_lines": [], "start_line": 57}, "is_deploy_blocking": {"executed_lines": [75, 76, 77, 78], "summary": {"covered_lines": 4, "num_statements": 4, "percent_covered": 100.0, "percent_covered_display": "100", "missing_lines": 0, "excluded_lines": 0, "percent_statements_covered": 100.0, "percent_statements_covered_display": "100"}, "missing_lines": [], "excluded_lines": [], "start_line": 66}, "severities_at_or_above": {"executed_lines": [83, 84, 86], "summary": {"covered_lines": 3, "num_statements": 4, "percent_covered": 75.0, "percent_covered_display": "75", "missing_lines": 1, "excluded_lines": 0, "percent_statements_covered": 75.0, "percent_statements_covered_display": "75"}, "missing_lines": [85], "excluded_lines": [], "start_line": 81}, "finding_sort_key": {"executed_lines": [91, 92], "summary": {"covered_lines": 2, "num_statements": 2, "percent_covered": 100.0, "percent_covered_display": "100", "missing_lines": 0, "excluded_lines": 0, "percent_statements_covered": 100.0, "percent_statements_covered_display": "100"}, "missing_lines": [], "excluded_lines": [], "start_line": 89}, "safe_report_snippet": {"executed_lines": [101, 102, 103, 104], "summary": {"covered_lines": 4, "num_statements": 4, "percent_covered": 100.0, "percent_covered_display": "100", "missing_lines": 0, "excluded_lines": 0, "percent_statements_covered": 100.0, "percent_statements_covered_display": "100"}, "missing_lines": [], "excluded_lines": [], "start_line": 99}, "_as_tuple": {"executed_lines": [108, 109, 110, 111, 112, 113], "summary": {"covered_lines": 6, "num_statements": 8, "percent_covered": 75.0, "percent_covered_display": "75", "missing_lines": 2, "excluded_lines": 0, "percent_statements_covered": 75.0, "percent_statements_covered_display": "75"}, "missing_lines": [114, 115], "excluded_lines": [], "start_line": 107}, "": {"executed_lines": [3, 5, 7, 8, 9, 11, 14, 45, 57, 66, 81, 89, 99, 107], "summary": {"covered_lines": 14, "num_statements": 14, "percent_covered": 100.0, "percent_covered_display": "100", "missing_lines": 0, "excluded_lines": 0, "percent_statements_covered": 100.0, "percent_statements_covered_display": "100"}, "missing_lines": [], "excluded_lines": [], "start_line": 1}}, "classes": {"": {"executed_lines": [3, 5, 7, 8, 9, 11, 14, 20, 21, 22, 23, 24, 25, 26, 27, 28, 29, 30, 31, 36, 39, 42, 45, 51, 57, 59, 60, 61, 62, 63, 66, 75, 76, 77, 78, 81, 83, 84, 86, 89, 91, 92, 99, 101, 102, 103, 104, 107, 108, 109, 110, 111, 112, 113], "summary": {"covered_lines": 54, "num_statements": 57, "percent_covered": 94.73684210526316, "percent_covered_display": "95", "missing_lines": 3, "excluded_lines": 0, "percent_statements_covered": 94.73684210526316, "percent_statements_covered_display": "95"}, "missing_lines": [85, 114, 115], "excluded_lines": [], "start_line": 1}}}, "appguardrail_core/issueops.py": {"executed_lines": [3, 5, 6, 7, 9, 10, 18, 19, 20, 21, 23, 24, 25, 35, 48, 51, 53, 56, 58, 59, 62, 64, 65, 67, 70, 72, 73, 76, 78, 79, 80, 81, 87, 90, 94, 101, 107, 108, 110, 111, 114, 115, 116, 117, 119, 120, 121, 122, 123, 124, 125, 127, 128, 129, 130, 131, 132, 134, 135, 136, 138, 139, 140, 143, 145, 148, 150, 151, 154, 156, 157, 158, 159, 161, 162, 167, 169, 170, 171, 172, 173, 175, 178, 180, 183, 185, 186, 198, 201, 203, 204, 214, 216], "summary": {"covered_lines": 93, "num_statements": 103, "percent_covered": 90.29126213592232, "percent_covered_display": "90", "missing_lines": 10, "excluded_lines": 0, "percent_statements_covered": 90.29126213592232, "percent_statements_covered_display": "90"}, "missing_lines": [66, 109, 112, 126, 133, 137, 160, 163, 164, 174], "excluded_lines": [], "functions": {"is_failure": {"executed_lines": [53], "summary": {"covered_lines": 1, "num_statements": 1, "percent_covered": 100.0, "percent_covered_display": "100", "missing_lines": 0, "excluded_lines": 0, "percent_statements_covered": 100.0, "percent_statements_covered_display": "100"}, "missing_lines": [], "excluded_lines": [], "start_line": 51}, "is_security_name": {"executed_lines": [58, 59], "summary": {"covered_lines": 2, "num_statements": 2, "percent_covered": 100.0, "percent_covered_display": "100", "missing_lines": 0, "excluded_lines": 0, "percent_statements_covered": 100.0, "percent_statements_covered_display": "100"}, "missing_lines": [], "excluded_lines": [], "start_line": 56}, "parse_run_url": {"executed_lines": [64, 65, 67], "summary": {"covered_lines": 3, "num_statements": 4, "percent_covered": 75.0, "percent_covered_display": "75", "missing_lines": 1, "excluded_lines": 0, "percent_statements_covered": 75.0, "percent_statements_covered_display": "75"}, "missing_lines": [66], "excluded_lines": [], "start_line": 62}, "sanitize_label_value": {"executed_lines": [72, 73], "summary": {"covered_lines": 2, "num_statements": 2, "percent_covered": 100.0, "percent_covered_display": "100", "missing_lines": 0, "excluded_lines": 0, "percent_statements_covered": 100.0, "percent_statements_covered_display": "100"}, "missing_lines": [], "excluded_lines": [], "start_line": 70}, "redact": {"executed_lines": [78, 79, 80, 81, 87], "summary": {"covered_lines": 5, "num_statements": 5, "percent_covered": 100.0, "percent_covered_display": "100", "missing_lines": 0, "excluded_lines": 0, "percent_statements_covered": 100.0, "percent_statements_covered_display": "100"}, "missing_lines": [], "excluded_lines": [], "start_line": 76}, "log_ranges": {"executed_lines": [94], "summary": {"covered_lines": 1, "num_statements": 1, "percent_covered": 100.0, "percent_covered_display": "100", "missing_lines": 0, "excluded_lines": 0, "percent_statements_covered": 100.0, "percent_statements_covered_display": "100"}, "missing_lines": [], "excluded_lines": [], "start_line": 90}, "compress_log": {"executed_lines": [107, 108, 110, 111, 114, 115, 116, 117, 119, 120, 121, 122, 123, 124, 125, 127, 128, 129, 130, 131, 132, 134, 135, 136, 138, 139, 140], "summary": {"covered_lines": 27, "num_statements": 32, "percent_covered": 84.375, "percent_covered_display": "84", "missing_lines": 5, "excluded_lines": 0, "percent_statements_covered": 84.375, "percent_statements_covered_display": "84"}, "missing_lines": [109, 112, 126, 133, 137], "excluded_lines": [], "start_line": 101}, "seen_key": {"executed_lines": [145], "summary": {"covered_lines": 1, "num_statements": 1, "percent_covered": 100.0, "percent_covered_display": "100", "missing_lines": 0, "excluded_lines": 0, "percent_statements_covered": 100.0, "percent_statements_covered_display": "100"}, "missing_lines": [], "excluded_lines": [], "start_line": 143}, "marker": {"executed_lines": [150, 151], "summary": {"covered_lines": 2, "num_statements": 2, "percent_covered": 100.0, "percent_covered_display": "100", "missing_lines": 0, "excluded_lines": 0, "percent_statements_covered": 100.0, "percent_statements_covered_display": "100"}, "missing_lines": [], "excluded_lines": [], "start_line": 148}, "parse_marker": {"executed_lines": [156, 157, 158, 159, 161, 162], "summary": {"covered_lines": 6, "num_statements": 9, "percent_covered": 66.66666666666667, "percent_covered_display": "67", "missing_lines": 3, "excluded_lines": 0, "percent_statements_covered": 66.66666666666667, "percent_statements_covered_display": "67"}, "missing_lines": [160, 163, 164], "excluded_lines": [], "start_line": 154}, "replace_marker": {"executed_lines": [169, 170, 171, 172, 173, 175], "summary": {"covered_lines": 6, "num_statements": 7, "percent_covered": 85.71428571428571, "percent_covered_display": "86", "missing_lines": 1, "excluded_lines": 0, "percent_statements_covered": 85.71428571428571, "percent_statements_covered_display": "86"}, "missing_lines": [174], "excluded_lines": [], "start_line": 167}, "title": {"executed_lines": [180], "summary": {"covered_lines": 1, "num_statements": 1, "percent_covered": 100.0, "percent_covered_display": "100", "missing_lines": 0, "excluded_lines": 0, "percent_statements_covered": 100.0, "percent_statements_covered_display": "100"}, "missing_lines": [], "excluded_lines": [], "start_line": 178}, "summary": {"executed_lines": [185, 186, 198], "summary": {"covered_lines": 3, "num_statements": 3, "percent_covered": 100.0, "percent_covered_display": "100", "missing_lines": 0, "excluded_lines": 0, "percent_statements_covered": 100.0, "percent_statements_covered_display": "100"}, "missing_lines": [], "excluded_lines": [], "start_line": 183}, "issue_body": {"executed_lines": [203, 204], "summary": {"covered_lines": 2, "num_statements": 2, "percent_covered": 100.0, "percent_covered_display": "100", "missing_lines": 0, "excluded_lines": 0, "percent_statements_covered": 100.0, "percent_statements_covered_display": "100"}, "missing_lines": [], "excluded_lines": [], "start_line": 201}, "issue_comment": {"executed_lines": [216], "summary": {"covered_lines": 1, "num_statements": 1, "percent_covered": 100.0, "percent_covered_display": "100", "missing_lines": 0, "excluded_lines": 0, "percent_statements_covered": 100.0, "percent_statements_covered_display": "100"}, "missing_lines": [], "excluded_lines": [], "start_line": 214}, "": {"executed_lines": [3, 5, 6, 7, 9, 10, 18, 19, 20, 21, 23, 24, 25, 35, 48, 51, 56, 62, 70, 76, 90, 101, 143, 148, 154, 167, 178, 183, 201, 214], "summary": {"covered_lines": 30, "num_statements": 30, "percent_covered": 100.0, "percent_covered_display": "100", "missing_lines": 0, "excluded_lines": 0, "percent_statements_covered": 100.0, "percent_statements_covered_display": "100"}, "missing_lines": [], "excluded_lines": [], "start_line": 1}}, "classes": {"": {"executed_lines": [3, 5, 6, 7, 9, 10, 18, 19, 20, 21, 23, 24, 25, 35, 48, 51, 53, 56, 58, 59, 62, 64, 65, 67, 70, 72, 73, 76, 78, 79, 80, 81, 87, 90, 94, 101, 107, 108, 110, 111, 114, 115, 116, 117, 119, 120, 121, 122, 123, 124, 125, 127, 128, 129, 130, 131, 132, 134, 135, 136, 138, 139, 140, 143, 145, 148, 150, 151, 154, 156, 157, 158, 159, 161, 162, 167, 169, 170, 171, 172, 173, 175, 178, 180, 183, 185, 186, 198, 201, 203, 204, 214, 216], "summary": {"covered_lines": 93, "num_statements": 103, "percent_covered": 90.29126213592232, "percent_covered_display": "90", "missing_lines": 10, "excluded_lines": 0, "percent_statements_covered": 90.29126213592232, "percent_statements_covered_display": "90"}, "missing_lines": [66, 109, 112, 126, 133, 137, 160, 163, 164, 174], "excluded_lines": [], "start_line": 1}}}, "appguardrail_core/language.py": {"executed_lines": [3, 5, 6, 7, 9, 17, 23, 24, 31, 39, 50, 59, 74, 75, 78, 79, 82, 83, 84, 85, 86, 87, 88, 89, 90, 93, 95, 96, 97, 98, 99, 100, 101, 102, 103, 104, 105, 106, 107, 108, 109, 112, 114, 115, 116, 117, 119, 120, 121, 122, 126, 130, 133, 134, 135, 139, 143, 144, 145, 146, 150, 154, 155, 156, 157, 161, 165, 166, 167, 168, 171, 173, 174, 175, 176, 178, 191, 192, 193, 194, 195, 196, 197, 198, 199, 200, 201, 202, 203, 204, 207, 208, 209, 210, 211, 212, 213, 214, 215, 216, 219, 220, 221, 222, 227, 228, 229, 230, 231, 232, 233, 239, 240, 243, 246, 247, 248, 251, 252], "summary": {"covered_lines": 119, "num_statements": 121, "percent_covered": 98.34710743801652, "percent_covered_display": "98", "missing_lines": 2, "excluded_lines": 0, "percent_statements_covered": 98.34710743801652, "percent_statements_covered_display": "98"}, "missing_lines": [223, 224], "excluded_lines": [], "functions": {"detect_language_axes": {"executed_lines": [95, 96, 97, 98, 99, 100, 101, 102, 103, 104, 105, 106, 107, 108, 109], "summary": {"covered_lines": 15, "num_statements": 15, "percent_covered": 100.0, "percent_covered_display": "100", "missing_lines": 0, "excluded_lines": 0, "percent_statements_covered": 100.0, "percent_statements_covered_display": "100"}, "missing_lines": [], "excluded_lines": [], "start_line": 93}, "detect_stack_profile": {"executed_lines": [114, 115, 116, 117, 119, 120, 121, 122, 126, 130, 133, 134, 135, 139, 143, 144, 145, 146, 150, 154, 155, 156, 157, 161, 165, 166, 167, 168, 171, 173, 174, 175, 176, 178], "summary": {"covered_lines": 34, "num_statements": 34, "percent_covered": 100.0, "percent_covered_display": "100", "missing_lines": 0, "excluded_lines": 0, "percent_statements_covered": 100.0, "percent_statements_covered_display": "100"}, "missing_lines": [], "excluded_lines": [], "start_line": 112}, "_detect_framework_markers": {"executed_lines": [192, 193, 194, 195, 196, 197, 198, 199, 200, 201, 202, 203, 204], "summary": {"covered_lines": 13, "num_statements": 13, "percent_covered": 100.0, "percent_covered_display": "100", "missing_lines": 0, "excluded_lines": 0, "percent_statements_covered": 100.0, "percent_statements_covered_display": "100"}, "missing_lines": [], "excluded_lines": [], "start_line": 191}, "_detect_signals": {"executed_lines": [208, 209, 210, 211, 212, 213, 214, 215, 216], "summary": {"covered_lines": 9, "num_statements": 9, "percent_covered": 100.0, "percent_covered_display": "100", "missing_lines": 0, "excluded_lines": 0, "percent_statements_covered": 100.0, "percent_statements_covered_display": "100"}, "missing_lines": [], "excluded_lines": [], "start_line": 207}, "_read_manifest_text": {"executed_lines": [220, 221, 222], "summary": {"covered_lines": 3, "num_statements": 5, "percent_covered": 60.0, "percent_covered_display": "60", "missing_lines": 2, "excluded_lines": 0, "percent_statements_covered": 60.0, "percent_statements_covered_display": "60"}, "missing_lines": [223, 224], "excluded_lines": [], "start_line": 219}, "_external_tools_for": {"executed_lines": [228, 229, 230, 231, 232, 233, 239, 240], "summary": {"covered_lines": 8, "num_statements": 8, "percent_covered": 100.0, "percent_covered_display": "100", "missing_lines": 0, "excluded_lines": 0, "percent_statements_covered": 100.0, "percent_statements_covered_display": "100"}, "missing_lines": [], "excluded_lines": [], "start_line": 227}, "_is_web_reachable": {"executed_lines": [246, 247, 248, 251, 252], "summary": {"covered_lines": 5, "num_statements": 5, "percent_covered": 100.0, "percent_covered_display": "100", "missing_lines": 0, "excluded_lines": 0, "percent_statements_covered": 100.0, "percent_statements_covered_display": "100"}, "missing_lines": [], "excluded_lines": [], "start_line": 243}, "": {"executed_lines": [3, 5, 6, 7, 9, 17, 23, 24, 31, 39, 50, 59, 74, 75, 78, 79, 82, 83, 84, 85, 86, 87, 88, 89, 90, 93, 112, 191, 207, 219, 227, 243], "summary": {"covered_lines": 32, "num_statements": 32, "percent_covered": 100.0, "percent_covered_display": "100", "missing_lines": 0, "excluded_lines": 0, "percent_statements_covered": 100.0, "percent_statements_covered_display": "100"}, "missing_lines": [], "excluded_lines": [], "start_line": 1}}, "classes": {"StackProfile": {"executed_lines": [], "summary": {"covered_lines": 0, "num_statements": 0, "percent_covered": 100.0, "percent_covered_display": "100", "missing_lines": 0, "excluded_lines": 0, "percent_statements_covered": 100.0, "percent_statements_covered_display": "100"}, "missing_lines": [], "excluded_lines": [], "start_line": 79}, "": {"executed_lines": [3, 5, 6, 7, 9, 17, 23, 24, 31, 39, 50, 59, 74, 75, 78, 79, 82, 83, 84, 85, 86, 87, 88, 89, 90, 93, 95, 96, 97, 98, 99, 100, 101, 102, 103, 104, 105, 106, 107, 108, 109, 112, 114, 115, 116, 117, 119, 120, 121, 122, 126, 130, 133, 134, 135, 139, 143, 144, 145, 146, 150, 154, 155, 156, 157, 161, 165, 166, 167, 168, 171, 173, 174, 175, 176, 178, 191, 192, 193, 194, 195, 196, 197, 198, 199, 200, 201, 202, 203, 204, 207, 208, 209, 210, 211, 212, 213, 214, 215, 216, 219, 220, 221, 222, 227, 228, 229, 230, 231, 232, 233, 239, 240, 243, 246, 247, 248, 251, 252], "summary": {"covered_lines": 119, "num_statements": 121, "percent_covered": 98.34710743801652, "percent_covered_display": "98", "missing_lines": 2, "excluded_lines": 0, "percent_statements_covered": 98.34710743801652, "percent_statements_covered_display": "98"}, "missing_lines": [223, 224], "excluded_lines": [], "start_line": 1}}}, "appguardrail_core/metrics.py": {"executed_lines": [3, 5, 6, 9, 10, 13, 14, 15, 16, 17, 18, 19, 20, 21, 22, 23, 24, 27, 28, 31, 32, 33, 34, 35, 36, 39, 40, 43, 44, 45, 46, 47, 49, 50, 51, 54, 56, 154, 155, 156, 157, 166, 174, 184, 185, 192, 193, 194, 195, 196, 197], "summary": {"covered_lines": 51, "num_statements": 51, "percent_covered": 100.0, "percent_covered_display": "100", "missing_lines": 0, "excluded_lines": 0, "percent_statements_covered": 100.0, "percent_statements_covered_display": "100"}, "missing_lines": [], "excluded_lines": [], "functions": {"SaleReadinessScore.unmet": {"executed_lines": [51], "summary": {"covered_lines": 1, "num_statements": 1, "percent_covered": 100.0, "percent_covered_display": "100", "missing_lines": 0, "excluded_lines": 0, "percent_statements_covered": 100.0, "percent_statements_covered_display": "100"}, "missing_lines": [], "excluded_lines": [], "start_line": 50}, "score_sale_readiness": {"executed_lines": [56, 154, 155, 156, 157], "summary": {"covered_lines": 5, "num_statements": 5, "percent_covered": 100.0, "percent_covered_display": "100", "missing_lines": 0, "excluded_lines": 0, "percent_statements_covered": 100.0, "percent_statements_covered_display": "100"}, "missing_lines": [], "excluded_lines": [], "start_line": 54}, "_metric": {"executed_lines": [174], "summary": {"covered_lines": 1, "num_statements": 1, "percent_covered": 100.0, "percent_covered_display": "100", "missing_lines": 0, "excluded_lines": 0, "percent_statements_covered": 100.0, "percent_statements_covered_display": "100"}, "missing_lines": [], "excluded_lines": [], "start_line": 166}, "_status": {"executed_lines": [185, 192, 193, 194, 195, 196, 197], "summary": {"covered_lines": 7, "num_statements": 7, "percent_covered": 100.0, "percent_covered_display": "100", "missing_lines": 0, "excluded_lines": 0, "percent_statements_covered": 100.0, "percent_statements_covered_display": "100"}, "missing_lines": [], "excluded_lines": [], "start_line": 184}, "": {"executed_lines": [3, 5, 6, 9, 10, 13, 14, 15, 16, 17, 18, 19, 20, 21, 22, 23, 24, 27, 28, 31, 32, 33, 34, 35, 36, 39, 40, 43, 44, 45, 46, 47, 49, 50, 54, 166, 184], "summary": {"covered_lines": 37, "num_statements": 37, "percent_covered": 100.0, "percent_covered_display": "100", "missing_lines": 0, "excluded_lines": 0, "percent_statements_covered": 100.0, "percent_statements_covered_display": "100"}, "missing_lines": [], "excluded_lines": [], "start_line": 1}}, "classes": {"SaleReadinessInputs": {"executed_lines": [], "summary": {"covered_lines": 0, "num_statements": 0, "percent_covered": 100.0, "percent_covered_display": "100", "missing_lines": 0, "excluded_lines": 0, "percent_statements_covered": 100.0, "percent_statements_covered_display": "100"}, "missing_lines": [], "excluded_lines": [], "start_line": 10}, "MetricResult": {"executed_lines": [], "summary": {"covered_lines": 0, "num_statements": 0, "percent_covered": 100.0, "percent_covered_display": "100", "missing_lines": 0, "excluded_lines": 0, "percent_statements_covered": 100.0, "percent_statements_covered_display": "100"}, "missing_lines": [], "excluded_lines": [], "start_line": 28}, "SaleReadinessScore": {"executed_lines": [51], "summary": {"covered_lines": 1, "num_statements": 1, "percent_covered": 100.0, "percent_covered_display": "100", "missing_lines": 0, "excluded_lines": 0, "percent_statements_covered": 100.0, "percent_statements_covered_display": "100"}, "missing_lines": [], "excluded_lines": [], "start_line": 40}, "": {"executed_lines": [3, 5, 6, 9, 10, 13, 14, 15, 16, 17, 18, 19, 20, 21, 22, 23, 24, 27, 28, 31, 32, 33, 34, 35, 36, 39, 40, 43, 44, 45, 46, 47, 49, 50, 54, 56, 154, 155, 156, 157, 166, 174, 184, 185, 192, 193, 194, 195, 196, 197], "summary": {"covered_lines": 50, "num_statements": 50, "percent_covered": 100.0, "percent_covered_display": "100", "missing_lines": 0, "excluded_lines": 0, "percent_statements_covered": 100.0, "percent_statements_covered_display": "100"}, "missing_lines": [], "excluded_lines": [], "start_line": 1}}}, "appguardrail_core/org_bundle.py": {"executed_lines": [3, 5, 6, 7, 8, 9, 10, 11, 13, 21, 22, 25, 29, 31, 32, 37, 39, 42, 47, 48, 49, 50, 51, 52, 55, 63, 67, 68, 69, 74, 77, 80, 97, 103, 117, 118, 119, 120, 121, 122, 127, 130, 146, 178, 180, 181, 185, 187, 188, 189, 190, 191, 192, 223, 225, 227, 228, 231, 233, 236, 252, 258, 259, 260, 261, 262, 263, 264, 266, 267, 268, 282, 283, 284, 285, 286, 287, 288, 289, 290, 293, 320, 322, 323], "summary": {"covered_lines": 84, "num_statements": 109, "percent_covered": 77.06422018348624, "percent_covered_display": "77", "missing_lines": 25, "excluded_lines": 0, "percent_statements_covered": 77.06422018348624, "percent_statements_covered_display": "77"}, "missing_lines": [33, 34, 35, 36, 38, 123, 124, 182, 226, 238, 265, 295, 296, 297, 300, 301, 309, 310, 311, 312, 313, 314, 315, 316, 317], "excluded_lines": [], "functions": {"load_json": {"executed_lines": [31, 32, 37, 39], "summary": {"covered_lines": 4, "num_statements": 9, "percent_covered": 44.44444444444444, "percent_covered_display": "44", "missing_lines": 5, "excluded_lines": 0, "percent_statements_covered": 44.44444444444444, "percent_statements_covered_display": "44"}, "missing_lines": [33, 34, 35, 36, 38], "excluded_lines": [], "start_line": 29}, "annotate_missing_pr_repositories": {"executed_lines": [47, 48, 49, 50, 51, 52], "summary": {"covered_lines": 6, "num_statements": 6, "percent_covered": 100.0, "percent_covered_display": "100", "missing_lines": 0, "excluded_lines": 0, "percent_statements_covered": 100.0, "percent_statements_covered_display": "100"}, "missing_lines": [], "excluded_lines": [], "start_line": 42}, "render_org_evidence": {"executed_lines": [63, 67, 68, 69, 74, 77], "summary": {"covered_lines": 6, "num_statements": 6, "percent_covered": 100.0, "percent_covered_display": "100", "missing_lines": 0, "excluded_lines": 0, "percent_statements_covered": 100.0, "percent_statements_covered_display": "100"}, "missing_lines": [], "excluded_lines": [], "start_line": 55}, "write_bundle": {"executed_lines": [97, 103, 117, 118, 119, 120, 121, 122, 127], "summary": {"covered_lines": 9, "num_statements": 11, "percent_covered": 81.81818181818181, "percent_covered_display": "82", "missing_lines": 2, "excluded_lines": 0, "percent_statements_covered": 81.81818181818181, "percent_statements_covered_display": "82"}, "missing_lines": [123, 124], "excluded_lines": [], "start_line": 80}, "bundle_manifest": {"executed_lines": [146], "summary": {"covered_lines": 1, "num_statements": 1, "percent_covered": 100.0, "percent_covered_display": "100", "missing_lines": 0, "excluded_lines": 0, "percent_statements_covered": 100.0, "percent_statements_covered_display": "100"}, "missing_lines": [], "excluded_lines": [], "start_line": 130}, "source_descriptor": {"executed_lines": [180, 181], "summary": {"covered_lines": 2, "num_statements": 3, "percent_covered": 66.66666666666667, "percent_covered_display": "67", "missing_lines": 1, "excluded_lines": 0, "percent_statements_covered": 66.66666666666667, "percent_statements_covered_display": "67"}, "missing_lines": [182], "excluded_lines": [], "start_line": 178}, "bundle_readme": {"executed_lines": [187, 188, 189, 190, 191, 192], "summary": {"covered_lines": 6, "num_statements": 6, "percent_covered": 100.0, "percent_covered_display": "100", "missing_lines": 0, "excluded_lines": 0, "percent_statements_covered": 100.0, "percent_statements_covered_display": "100"}, "missing_lines": [], "excluded_lines": [], "start_line": 185}, "top_count": {"executed_lines": [225, 227, 228], "summary": {"covered_lines": 3, "num_statements": 4, "percent_covered": 75.0, "percent_covered_display": "75", "missing_lines": 1, "excluded_lines": 0, "percent_statements_covered": 75.0, "percent_statements_covered_display": "75"}, "missing_lines": [226], "excluded_lines": [], "start_line": 223}, "write_json": {"executed_lines": [233], "summary": {"covered_lines": 1, "num_statements": 1, "percent_covered": 100.0, "percent_covered_display": "100", "missing_lines": 0, "excluded_lines": 0, "percent_statements_covered": 100.0, "percent_statements_covered_display": "100"}, "missing_lines": [], "excluded_lines": [], "start_line": 231}, "gh_repo_list": {"executed_lines": [], "summary": {"covered_lines": 0, "num_statements": 1, "percent_covered": 0.0, "percent_covered_display": "0", "missing_lines": 1, "excluded_lines": 0, "percent_statements_covered": 0.0, "percent_statements_covered_display": "0"}, "missing_lines": [238], "excluded_lines": [], "start_line": 236}, "gh_pr_list": {"executed_lines": [258, 259, 260, 261, 262, 263, 264, 266, 267, 268, 282, 283, 284, 285, 286, 287, 288, 289, 290], "summary": {"covered_lines": 19, "num_statements": 20, "percent_covered": 95.0, "percent_covered_display": "95", "missing_lines": 1, "excluded_lines": 0, "percent_statements_covered": 95.0, "percent_statements_covered_display": "95"}, "missing_lines": [265], "excluded_lines": [], "start_line": 252}, "gh_json": {"executed_lines": [], "summary": {"covered_lines": 0, "num_statements": 14, "percent_covered": 0.0, "percent_covered_display": "0", "missing_lines": 14, "excluded_lines": 0, "percent_statements_covered": 0.0, "percent_statements_covered_display": "0"}, "missing_lines": [295, 296, 297, 300, 301, 309, 310, 311, 312, 313, 314, 315, 316, 317], "excluded_lines": [], "start_line": 293}, "gh_error_message": {"executed_lines": [322, 323], "summary": {"covered_lines": 2, "num_statements": 2, "percent_covered": 100.0, "percent_covered_display": "100", "missing_lines": 0, "excluded_lines": 0, "percent_statements_covered": 100.0, "percent_statements_covered_display": "100"}, "missing_lines": [], "excluded_lines": [], "start_line": 320}, "": {"executed_lines": [3, 5, 6, 7, 8, 9, 10, 11, 13, 21, 22, 25, 29, 42, 55, 80, 130, 178, 185, 223, 231, 236, 252, 293, 320], "summary": {"covered_lines": 25, "num_statements": 25, "percent_covered": 100.0, "percent_covered_display": "100", "missing_lines": 0, "excluded_lines": 0, "percent_statements_covered": 100.0, "percent_statements_covered_display": "100"}, "missing_lines": [], "excluded_lines": [], "start_line": 1}}, "classes": {"OrgBundleError": {"executed_lines": [], "summary": {"covered_lines": 0, "num_statements": 0, "percent_covered": 100.0, "percent_covered_display": "100", "missing_lines": 0, "excluded_lines": 0, "percent_statements_covered": 100.0, "percent_statements_covered_display": "100"}, "missing_lines": [], "excluded_lines": [], "start_line": 25}, "": {"executed_lines": [3, 5, 6, 7, 8, 9, 10, 11, 13, 21, 22, 25, 29, 31, 32, 37, 39, 42, 47, 48, 49, 50, 51, 52, 55, 63, 67, 68, 69, 74, 77, 80, 97, 103, 117, 118, 119, 120, 121, 122, 127, 130, 146, 178, 180, 181, 185, 187, 188, 189, 190, 191, 192, 223, 225, 227, 228, 231, 233, 236, 252, 258, 259, 260, 261, 262, 263, 264, 266, 267, 268, 282, 283, 284, 285, 286, 287, 288, 289, 290, 293, 320, 322, 323], "summary": {"covered_lines": 84, "num_statements": 109, "percent_covered": 77.06422018348624, "percent_covered_display": "77", "missing_lines": 25, "excluded_lines": 0, "percent_statements_covered": 77.06422018348624, "percent_statements_covered_display": "77"}, "missing_lines": [33, 34, 35, 36, 38, 123, 124, 182, 226, 238, 265, 295, 296, 297, 300, 301, 309, 310, 311, 312, 313, 314, 315, 316, 317], "excluded_lines": [], "start_line": 1}}}, "appguardrail_core/org_intelligence.py": {"executed_lines": [3, 5, 6, 7, 8, 10, 18, 26, 35, 45, 57, 58, 61, 62, 63, 64, 65, 66, 67, 68, 69, 70, 73, 74, 77, 78, 79, 80, 81, 82, 83, 84, 87, 88, 91, 92, 93, 94, 95, 98, 99, 102, 103, 104, 105, 106, 107, 110, 111, 114, 115, 116, 119, 125, 126, 127, 128, 129, 130, 138, 141, 157, 163, 164, 165, 166, 167, 168, 177, 179, 181, 182, 183, 184, 185, 186, 187, 188, 189, 190, 191, 192, 193, 195, 196, 200, 202, 205, 210, 211, 212, 213, 214, 219, 220, 221, 263, 270, 272, 289, 296, 297, 298, 356, 359, 363, 364, 365, 366, 369, 370, 377, 378, 379, 382, 383, 386, 387, 390, 393, 395, 396, 397, 398, 401, 402, 405, 406, 409, 410, 413, 417, 420, 425, 426, 431, 432, 433, 436, 437, 440, 441, 442, 445, 446, 449, 450, 453, 456, 459, 461, 462, 463, 467, 469, 470, 471, 475, 477, 478, 479, 483, 488, 489, 490, 491, 495, 504, 507, 512, 521, 522, 523, 535, 537, 538, 539, 541, 542, 543, 546, 548, 551, 553, 556, 558, 560, 567, 569, 573, 575, 584, 586, 590, 595, 604, 606, 608, 609, 610, 613, 615, 616, 617, 618, 619, 622, 624, 625, 626, 632, 634, 637, 639], "summary": {"covered_lines": 214, "num_statements": 230, "percent_covered": 93.04347826086956, "percent_covered_display": "93", "missing_lines": 16, "excluded_lines": 0, "percent_statements_covered": 93.04347826086956, "percent_statements_covered_display": "93"}, "missing_lines": [180, 194, 197, 374, 414, 464, 472, 480, 540, 559, 574, 591, 607, 627, 628, 629], "excluded_lines": [], "functions": {"build_org_inventory": {"executed_lines": [125, 126, 127, 128, 129, 130, 138, 141], "summary": {"covered_lines": 8, "num_statements": 8, "percent_covered": 100.0, "percent_covered_display": "100", "missing_lines": 0, "excluded_lines": 0, "percent_statements_covered": 100.0, "percent_statements_covered_display": "100"}, "missing_lines": [], "excluded_lines": [], "start_line": 119}, "summarize_pr_gates": {"executed_lines": [163, 164, 165, 166, 167, 168], "summary": {"covered_lines": 6, "num_statements": 6, "percent_covered": 100.0, "percent_covered_display": "100", "missing_lines": 0, "excluded_lines": 0, "percent_statements_covered": 100.0, "percent_statements_covered_display": "100"}, "missing_lines": [], "excluded_lines": [], "start_line": 157}, "classify_pr_gate": {"executed_lines": [179, 181, 182, 183, 184, 185, 186, 187, 188, 189, 190, 191, 192, 193, 195, 196], "summary": {"covered_lines": 16, "num_statements": 19, "percent_covered": 84.21052631578948, "percent_covered_display": "84", "missing_lines": 3, "excluded_lines": 0, "percent_statements_covered": 84.21052631578948, "percent_statements_covered_display": "84"}, "missing_lines": [180, 194, 197], "excluded_lines": [], "start_line": 177}, "gate_action_bucket": {"executed_lines": [202], "summary": {"covered_lines": 1, "num_statements": 1, "percent_covered": 100.0, "percent_covered_display": "100", "missing_lines": 0, "excluded_lines": 0, "percent_statements_covered": 100.0, "percent_statements_covered_display": "100"}, "missing_lines": [], "excluded_lines": [], "start_line": 200}, "build_buyer_evidence_pack": {"executed_lines": [210, 211, 212, 213, 214, 219, 220, 221, 263], "summary": {"covered_lines": 9, "num_statements": 9, "percent_covered": 100.0, "percent_covered_display": "100", "missing_lines": 0, "excluded_lines": 0, "percent_statements_covered": 100.0, "percent_statements_covered_display": "100"}, "missing_lines": [], "excluded_lines": [], "start_line": 205}, "buyer_evidence_pack_to_dict": {"executed_lines": [272], "summary": {"covered_lines": 1, "num_statements": 1, "percent_covered": 100.0, "percent_covered_display": "100", "missing_lines": 0, "excluded_lines": 0, "percent_statements_covered": 100.0, "percent_statements_covered_display": "100"}, "missing_lines": [], "excluded_lines": [], "start_line": 270}, "render_org_readiness_report": {"executed_lines": [296, 297, 298, 356], "summary": {"covered_lines": 4, "num_statements": 4, "percent_covered": 100.0, "percent_covered_display": "100", "missing_lines": 0, "excluded_lines": 0, "percent_statements_covered": 100.0, "percent_statements_covered_display": "100"}, "missing_lines": [], "excluded_lines": [], "start_line": 289}, "_recommendations": {"executed_lines": [363, 364, 365, 366, 369, 370, 377, 378, 379, 382, 383, 386, 387, 390], "summary": {"covered_lines": 14, "num_statements": 15, "percent_covered": 93.33333333333333, "percent_covered_display": "93", "missing_lines": 1, "excluded_lines": 0, "percent_statements_covered": 93.33333333333333, "percent_statements_covered_display": "93"}, "missing_lines": [374], "excluded_lines": [], "start_line": 359}, "_first_actions": {"executed_lines": [395, 396, 397, 398, 401, 402, 405, 406, 409, 410, 413, 417], "summary": {"covered_lines": 12, "num_statements": 13, "percent_covered": 92.3076923076923, "percent_covered_display": "92", "missing_lines": 1, "excluded_lines": 0, "percent_statements_covered": 92.3076923076923, "percent_statements_covered_display": "92"}, "missing_lines": [414], "excluded_lines": [], "start_line": 393}, "_seven_day_plan": {"executed_lines": [425, 426, 431, 432, 433, 436, 437, 440, 441, 442, 445, 446, 449, 450, 453, 456], "summary": {"covered_lines": 16, "num_statements": 16, "percent_covered": 100.0, "percent_covered_display": "100", "missing_lines": 0, "excluded_lines": 0, "percent_statements_covered": 100.0, "percent_statements_covered_display": "100"}, "missing_lines": [], "excluded_lines": [], "start_line": 420}, "_primary_language": {"executed_lines": [461, 462, 463], "summary": {"covered_lines": 3, "num_statements": 4, "percent_covered": 75.0, "percent_covered_display": "75", "missing_lines": 1, "excluded_lines": 0, "percent_statements_covered": 75.0, "percent_statements_covered_display": "75"}, "missing_lines": [464], "excluded_lines": [], "start_line": 459}, "_default_branch": {"executed_lines": [469, 470, 471], "summary": {"covered_lines": 3, "num_statements": 4, "percent_covered": 75.0, "percent_covered_display": "75", "missing_lines": 1, "excluded_lines": 0, "percent_statements_covered": 75.0, "percent_statements_covered_display": "75"}, "missing_lines": [472], "excluded_lines": [], "start_line": 467}, "_pr_repository": {"executed_lines": [477, 478, 479], "summary": {"covered_lines": 3, "num_statements": 4, "percent_covered": 75.0, "percent_covered_display": "75", "missing_lines": 1, "excluded_lines": 0, "percent_statements_covered": 75.0, "percent_statements_covered_display": "75"}, "missing_lines": [480], "excluded_lines": [], "start_line": 475}, "_top_repositories": {"executed_lines": [488, 489, 490, 491, 495, 504], "summary": {"covered_lines": 6, "num_statements": 6, "percent_covered": 100.0, "percent_covered_display": "100", "missing_lines": 0, "excluded_lines": 0, "percent_statements_covered": 100.0, "percent_statements_covered_display": "100"}, "missing_lines": [], "excluded_lines": [], "start_line": 483}, "_repository_gate_summary": {"executed_lines": [512, 521, 522, 523], "summary": {"covered_lines": 4, "num_statements": 4, "percent_covered": 100.0, "percent_covered_display": "100", "missing_lines": 0, "excluded_lines": 0, "percent_statements_covered": 100.0, "percent_statements_covered_display": "100"}, "missing_lines": [], "excluded_lines": [], "start_line": 507}, "_check_states": {"executed_lines": [537, 538, 539, 541, 542, 543], "summary": {"covered_lines": 6, "num_statements": 7, "percent_covered": 85.71428571428571, "percent_covered_display": "86", "missing_lines": 1, "excluded_lines": 0, "percent_statements_covered": 85.71428571428571, "percent_statements_covered_display": "86"}, "missing_lines": [540], "excluded_lines": [], "start_line": 535}, "_truthy": {"executed_lines": [548], "summary": {"covered_lines": 1, "num_statements": 1, "percent_covered": 100.0, "percent_covered_display": "100", "missing_lines": 0, "excluded_lines": 0, "percent_statements_covered": 100.0, "percent_statements_covered_display": "100"}, "missing_lines": [], "excluded_lines": [], "start_line": 546}, "_sorted_counts": {"executed_lines": [553], "summary": {"covered_lines": 1, "num_statements": 1, "percent_covered": 100.0, "percent_covered_display": "100", "missing_lines": 0, "excluded_lines": 0, "percent_statements_covered": 100.0, "percent_statements_covered_display": "100"}, "missing_lines": [], "excluded_lines": [], "start_line": 551}, "_table": {"executed_lines": [558, 560], "summary": {"covered_lines": 2, "num_statements": 3, "percent_covered": 66.66666666666667, "percent_covered_display": "67", "missing_lines": 1, "excluded_lines": 0, "percent_statements_covered": 66.66666666666667, "percent_statements_covered_display": "67"}, "missing_lines": [559], "excluded_lines": [], "start_line": 556}, "_repo_gate_table": {"executed_lines": [569, 573, 575], "summary": {"covered_lines": 3, "num_statements": 4, "percent_covered": 75.0, "percent_covered_display": "75", "missing_lines": 1, "excluded_lines": 0, "percent_statements_covered": 75.0, "percent_statements_covered_display": "75"}, "missing_lines": [574], "excluded_lines": [], "start_line": 567}, "_buyer_metric_table": {"executed_lines": [586, 590, 595], "summary": {"covered_lines": 3, "num_statements": 4, "percent_covered": 75.0, "percent_covered_display": "75", "missing_lines": 1, "excluded_lines": 0, "percent_statements_covered": 75.0, "percent_statements_covered_display": "75"}, "missing_lines": [591], "excluded_lines": [], "start_line": 584}, "_threshold_status": {"executed_lines": [606, 608, 609, 610], "summary": {"covered_lines": 4, "num_statements": 5, "percent_covered": 80.0, "percent_covered_display": "80", "missing_lines": 1, "excluded_lines": 0, "percent_statements_covered": 80.0, "percent_statements_covered_display": "80"}, "missing_lines": [607], "excluded_lines": [], "start_line": 604}, "_inverse_threshold_status": {"executed_lines": [615, 616, 617, 618, 619], "summary": {"covered_lines": 5, "num_statements": 5, "percent_covered": 100.0, "percent_covered_display": "100", "missing_lines": 0, "excluded_lines": 0, "percent_statements_covered": 100.0, "percent_statements_covered_display": "100"}, "missing_lines": [], "excluded_lines": [], "start_line": 613}, "_overall_status": {"executed_lines": [624, 625, 626], "summary": {"covered_lines": 3, "num_statements": 6, "percent_covered": 50.0, "percent_covered_display": "50", "missing_lines": 3, "excluded_lines": 0, "percent_statements_covered": 50.0, "percent_statements_covered_display": "50"}, "missing_lines": [627, 628, 629], "excluded_lines": [], "start_line": 622}, "_percent": {"executed_lines": [634], "summary": {"covered_lines": 1, "num_statements": 1, "percent_covered": 100.0, "percent_covered_display": "100", "missing_lines": 0, "excluded_lines": 0, "percent_statements_covered": 100.0, "percent_statements_covered_display": "100"}, "missing_lines": [], "excluded_lines": [], "start_line": 632}, "_yes_no": {"executed_lines": [639], "summary": {"covered_lines": 1, "num_statements": 1, "percent_covered": 100.0, "percent_covered_display": "100", "missing_lines": 0, "excluded_lines": 0, "percent_statements_covered": 100.0, "percent_statements_covered_display": "100"}, "missing_lines": [], "excluded_lines": [], "start_line": 637}, "": {"executed_lines": [3, 5, 6, 7, 8, 10, 18, 26, 35, 45, 57, 58, 61, 62, 63, 64, 65, 66, 67, 68, 69, 70, 73, 74, 77, 78, 79, 80, 81, 82, 83, 84, 87, 88, 91, 92, 93, 94, 95, 98, 99, 102, 103, 104, 105, 106, 107, 110, 111, 114, 115, 116, 119, 157, 177, 200, 205, 270, 289, 359, 393, 420, 459, 467, 475, 483, 507, 535, 546, 551, 556, 567, 584, 604, 613, 622, 632, 637], "summary": {"covered_lines": 78, "num_statements": 78, "percent_covered": 100.0, "percent_covered_display": "100", "missing_lines": 0, "excluded_lines": 0, "percent_statements_covered": 100.0, "percent_statements_covered_display": "100"}, "missing_lines": [], "excluded_lines": [], "start_line": 1}}, "classes": {"OrgInventory": {"executed_lines": [], "summary": {"covered_lines": 0, "num_statements": 0, "percent_covered": 100.0, "percent_covered_display": "100", "missing_lines": 0, "excluded_lines": 0, "percent_statements_covered": 100.0, "percent_statements_covered_display": "100"}, "missing_lines": [], "excluded_lines": [], "start_line": 58}, "RepositoryGateSummary": {"executed_lines": [], "summary": {"covered_lines": 0, "num_statements": 0, "percent_covered": 100.0, "percent_covered_display": "100", "missing_lines": 0, "excluded_lines": 0, "percent_statements_covered": 100.0, "percent_statements_covered_display": "100"}, "missing_lines": [], "excluded_lines": [], "start_line": 74}, "PullRequestGateSummary": {"executed_lines": [], "summary": {"covered_lines": 0, "num_statements": 0, "percent_covered": 100.0, "percent_covered_display": "100", "missing_lines": 0, "excluded_lines": 0, "percent_statements_covered": 100.0, "percent_statements_covered_display": "100"}, "missing_lines": [], "excluded_lines": [], "start_line": 88}, "BuyerEvidenceMetric": {"executed_lines": [], "summary": {"covered_lines": 0, "num_statements": 0, "percent_covered": 100.0, "percent_covered_display": "100", "missing_lines": 0, "excluded_lines": 0, "percent_statements_covered": 100.0, "percent_statements_covered_display": "100"}, "missing_lines": [], "excluded_lines": [], "start_line": 99}, "BuyerEvidencePack": {"executed_lines": [], "summary": {"covered_lines": 0, "num_statements": 0, "percent_covered": 100.0, "percent_covered_display": "100", "missing_lines": 0, "excluded_lines": 0, "percent_statements_covered": 100.0, "percent_statements_covered_display": "100"}, "missing_lines": [], "excluded_lines": [], "start_line": 111}, "": {"executed_lines": [3, 5, 6, 7, 8, 10, 18, 26, 35, 45, 57, 58, 61, 62, 63, 64, 65, 66, 67, 68, 69, 70, 73, 74, 77, 78, 79, 80, 81, 82, 83, 84, 87, 88, 91, 92, 93, 94, 95, 98, 99, 102, 103, 104, 105, 106, 107, 110, 111, 114, 115, 116, 119, 125, 126, 127, 128, 129, 130, 138, 141, 157, 163, 164, 165, 166, 167, 168, 177, 179, 181, 182, 183, 184, 185, 186, 187, 188, 189, 190, 191, 192, 193, 195, 196, 200, 202, 205, 210, 211, 212, 213, 214, 219, 220, 221, 263, 270, 272, 289, 296, 297, 298, 356, 359, 363, 364, 365, 366, 369, 370, 377, 378, 379, 382, 383, 386, 387, 390, 393, 395, 396, 397, 398, 401, 402, 405, 406, 409, 410, 413, 417, 420, 425, 426, 431, 432, 433, 436, 437, 440, 441, 442, 445, 446, 449, 450, 453, 456, 459, 461, 462, 463, 467, 469, 470, 471, 475, 477, 478, 479, 483, 488, 489, 490, 491, 495, 504, 507, 512, 521, 522, 523, 535, 537, 538, 539, 541, 542, 543, 546, 548, 551, 553, 556, 558, 560, 567, 569, 573, 575, 584, 586, 590, 595, 604, 606, 608, 609, 610, 613, 615, 616, 617, 618, 619, 622, 624, 625, 626, 632, 634, 637, 639], "summary": {"covered_lines": 214, "num_statements": 230, "percent_covered": 93.04347826086956, "percent_covered_display": "93", "missing_lines": 16, "excluded_lines": 0, "percent_statements_covered": 93.04347826086956, "percent_statements_covered_display": "93"}, "missing_lines": [180, 194, 197, 374, 414, 464, 472, 480, 540, 559, 574, 591, 607, 627, 628, 629], "excluded_lines": [], "start_line": 1}}}, "appguardrail_core/reports.py": {"executed_lines": [3, 5, 6, 7, 9, 14, 15, 18, 19, 20, 21, 22, 23, 24, 25, 26, 27, 30, 38, 40, 43, 49, 55, 56, 59, 62, 67, 68, 71, 72, 73, 75, 78, 107, 108, 110, 112, 113, 114, 115, 117, 119, 131, 134, 139, 142, 170, 171, 172, 176, 189, 190, 201, 204, 209, 212, 238, 239, 240, 243, 247, 254, 255, 259, 268, 269, 270, 276, 292, 295, 300, 303, 308, 327, 328, 329, 333, 340, 341, 345, 357, 360, 362, 364, 365, 366, 369, 371, 375, 376, 379, 388, 391, 393, 394, 417, 420, 423, 426, 428, 431, 437, 438, 439, 440, 441, 442, 443, 446, 448, 449, 450, 451, 454, 465, 466, 469, 470, 471, 472, 475, 478, 480, 482, 483, 487, 489, 507, 509, 510, 511, 512, 513, 519, 521, 533, 537, 539, 540, 541, 542, 545, 546, 551, 554, 556, 558, 559, 563, 567, 568, 569, 570, 571, 572, 573, 574, 594, 597, 599, 603, 604, 605, 614, 617, 619, 620, 621, 623, 626, 628, 648, 650, 654, 655, 662, 665, 667], "summary": {"covered_lines": 178, "num_statements": 199, "percent_covered": 89.44723618090453, "percent_covered_display": "89", "missing_lines": 21, "excluded_lines": 0, "percent_statements_covered": 89.44723618090453, "percent_statements_covered_display": "89"}, "missing_lines": [57, 58, 174, 245, 257, 274, 331, 343, 363, 481, 484, 514, 515, 516, 538, 548, 549, 550, 557, 560, 622], "excluded_lines": [], "functions": {"supported_report_types": {"executed_lines": [40], "summary": {"covered_lines": 1, "num_statements": 1, "percent_covered": 100.0, "percent_covered_display": "100", "missing_lines": 0, "excluded_lines": 0, "percent_statements_covered": 100.0, "percent_statements_covered_display": "100"}, "missing_lines": [], "excluded_lines": [], "start_line": 38}, "render_report": {"executed_lines": [49, 55, 56, 59], "summary": {"covered_lines": 4, "num_statements": 6, "percent_covered": 66.66666666666667, "percent_covered_display": "67", "missing_lines": 2, "excluded_lines": 0, "percent_statements_covered": 66.66666666666667, "percent_statements_covered_display": "67"}, "missing_lines": [57, 58], "excluded_lines": [], "start_line": 43}, "render_buyer_diligence_report": {"executed_lines": [67, 68, 71, 72, 73, 75, 78, 107, 108, 110, 112, 113, 114, 115, 117, 119, 131], "summary": {"covered_lines": 17, "num_statements": 17, "percent_covered": 100.0, "percent_covered_display": "100", "missing_lines": 0, "excluded_lines": 0, "percent_statements_covered": 100.0, "percent_statements_covered_display": "100"}, "missing_lines": [], "excluded_lines": [], "start_line": 62}, "render_founder_friendly_report": {"executed_lines": [139, 142, 170, 171, 172, 176, 189, 190, 201], "summary": {"covered_lines": 9, "num_statements": 10, "percent_covered": 90.0, "percent_covered_display": "90", "missing_lines": 1, "excluded_lines": 0, "percent_statements_covered": 90.0, "percent_statements_covered_display": "90"}, "missing_lines": [174], "excluded_lines": [], "start_line": 134}, "render_agency_report": {"executed_lines": [209, 212, 238, 239, 240, 243, 247, 254, 255, 259, 268, 269, 270, 276, 292], "summary": {"covered_lines": 15, "num_statements": 18, "percent_covered": 83.33333333333333, "percent_covered_display": "83", "missing_lines": 3, "excluded_lines": 0, "percent_statements_covered": 83.33333333333333, "percent_statements_covered_display": "83"}, "missing_lines": [245, 257, 274], "excluded_lines": [], "start_line": 204}, "render_fix_pack": {"executed_lines": [300, 303, 308, 327, 328, 329, 333, 340, 341, 345, 357], "summary": {"covered_lines": 11, "num_statements": 13, "percent_covered": 84.61538461538461, "percent_covered_display": "85", "missing_lines": 2, "excluded_lines": 0, "percent_statements_covered": 84.61538461538461, "percent_statements_covered_display": "85"}, "missing_lines": [331, 343], "excluded_lines": [], "start_line": 295}, "_launch_posture": {"executed_lines": [362, 364, 365, 366], "summary": {"covered_lines": 4, "num_statements": 5, "percent_covered": 80.0, "percent_covered_display": "80", "missing_lines": 1, "excluded_lines": 0, "percent_statements_covered": 80.0, "percent_statements_covered_display": "80"}, "missing_lines": [363], "excluded_lines": [], "start_line": 360}, "_summary_table": {"executed_lines": [371, 375, 376, 379, 388], "summary": {"covered_lines": 5, "num_statements": 5, "percent_covered": 100.0, "percent_covered_display": "100", "missing_lines": 0, "excluded_lines": 0, "percent_statements_covered": 100.0, "percent_statements_covered_display": "100"}, "missing_lines": [], "excluded_lines": [], "start_line": 369}, "_finding_detail": {"executed_lines": [393, 394], "summary": {"covered_lines": 2, "num_statements": 2, "percent_covered": 100.0, "percent_covered_display": "100", "missing_lines": 0, "excluded_lines": 0, "percent_statements_covered": 100.0, "percent_statements_covered_display": "100"}, "missing_lines": [], "excluded_lines": [], "start_line": 391}, "_md_prose": {"executed_lines": [423], "summary": {"covered_lines": 1, "num_statements": 1, "percent_covered": 100.0, "percent_covered_display": "100", "missing_lines": 0, "excluded_lines": 0, "percent_statements_covered": 100.0, "percent_statements_covered_display": "100"}, "missing_lines": [], "excluded_lines": [], "start_line": 420}, "_md_fence": {"executed_lines": [428], "summary": {"covered_lines": 1, "num_statements": 1, "percent_covered": 100.0, "percent_covered_display": "100", "missing_lines": 0, "excluded_lines": 0, "percent_statements_covered": 100.0, "percent_statements_covered_display": "100"}, "missing_lines": [], "excluded_lines": [], "start_line": 426}, "_sanitize_for_markdown": {"executed_lines": [437, 438, 439, 440, 441, 442, 443], "summary": {"covered_lines": 7, "num_statements": 7, "percent_covered": 100.0, "percent_covered_display": "100", "missing_lines": 0, "excluded_lines": 0, "percent_statements_covered": 100.0, "percent_statements_covered_display": "100"}, "missing_lines": [], "excluded_lines": [], "start_line": 431}, "_short_title": {"executed_lines": [448, 449, 450, 451], "summary": {"covered_lines": 4, "num_statements": 4, "percent_covered": 100.0, "percent_covered_display": "100", "missing_lines": 0, "excluded_lines": 0, "percent_statements_covered": 100.0, "percent_statements_covered_display": "100"}, "missing_lines": [], "excluded_lines": [], "start_line": 446}, "_prepare_report": {"executed_lines": [465, 466, 469, 470, 471, 472, 475], "summary": {"covered_lines": 7, "num_statements": 7, "percent_covered": 100.0, "percent_covered_display": "100", "missing_lines": 0, "excluded_lines": 0, "percent_statements_covered": 100.0, "percent_statements_covered_display": "100"}, "missing_lines": [], "excluded_lines": [], "start_line": 454}, "_founder_status": {"executed_lines": [480, 482, 483], "summary": {"covered_lines": 3, "num_statements": 5, "percent_covered": 60.0, "percent_covered_display": "60", "missing_lines": 2, "excluded_lines": 0, "percent_statements_covered": 60.0, "percent_statements_covered_display": "60"}, "missing_lines": [481, 484], "excluded_lines": [], "start_line": 478}, "_founder_finding": {"executed_lines": [489], "summary": {"covered_lines": 1, "num_statements": 1, "percent_covered": 100.0, "percent_covered_display": "100", "missing_lines": 0, "excluded_lines": 0, "percent_statements_covered": 100.0, "percent_statements_covered_display": "100"}, "missing_lines": [], "excluded_lines": [], "start_line": 487}, "_plain_risk": {"executed_lines": [509, 510, 511, 512, 513], "summary": {"covered_lines": 5, "num_statements": 8, "percent_covered": 62.5, "percent_covered_display": "62", "missing_lines": 3, "excluded_lines": 0, "percent_statements_covered": 62.5, "percent_statements_covered_display": "62"}, "missing_lines": [514, 515, 516], "excluded_lines": [], "start_line": 507}, "_fix_prompt": {"executed_lines": [521], "summary": {"covered_lines": 1, "num_statements": 1, "percent_covered": 100.0, "percent_covered_display": "100", "missing_lines": 0, "excluded_lines": 0, "percent_statements_covered": 100.0, "percent_statements_covered_display": "100"}, "missing_lines": [], "excluded_lines": [], "start_line": 519}, "_next_steps": {"executed_lines": [537, 539, 540, 541, 542, 545, 546, 551], "summary": {"covered_lines": 8, "num_statements": 12, "percent_covered": 66.66666666666667, "percent_covered_display": "67", "missing_lines": 4, "excluded_lines": 0, "percent_statements_covered": 66.66666666666667,
[...]
: 31}, "test_build_rule_metadata_deduplicates_message_and_default_references": {"executed_lines": [49, 59, 63], "summary": {"covered_lines": 3, "num_statements": 3, "percent_covered": 100.0, "percent_covered_display": "100", "missing_lines": 0, "excluded_lines": 0, "percent_statements_covered": 100.0, "percent_statements_covered_display": "100"}, "missing_lines": [], "excluded_lines": [], "start_line": 48}, "test_validate_rule_metadata_reports_missing_public_reference": {"executed_lines": [69, 79, 80], "summary": {"covered_lines": 3, "num_statements": 3, "percent_covered": 100.0, "percent_covered_display": "100", "missing_lines": 0, "excluded_lines": 0, "percent_statements_covered": 100.0, "percent_statements_covered_display": "100"}, "missing_lines": [], "excluded_lines": [], "start_line": 68}, "": {"executed_lines": [1, 6, 18, 31, 48, 68], "summary": {"covered_lines": 6, "num_statements": 6, "percent_covered": 100.0, "percent_covered_display": "100", "missing_lines": 0, "excluded_lines": 0, "percent_statements_covered": 100.0, "percent_statements_covered_display": "100"}, "missing_lines": [], "excluded_lines": [], "start_line": 1}}, "classes": {"": {"executed_lines": [1, 6, 7, 12, 18, 19, 25, 31, 32, 39, 42, 43, 44, 45, 48, 49, 59, 63, 68, 69, 79, 80], "summary": {"covered_lines": 22, "num_statements": 22, "percent_covered": 100.0, "percent_covered_display": "100", "missing_lines": 0, "excluded_lines": 0, "percent_statements_covered": 100.0, "percent_statements_covered_display": "100"}, "missing_lines": [], "excluded_lines": [], "start_line": 1}}}, "tests/test_sarif.py": {"executed_lines": [3, 5, 36, 37, 38, 39, 40, 41, 42, 43, 46, 47, 48, 49, 51, 52, 53, 54, 55, 58, 59, 60, 61, 62, 64, 65, 67, 68, 71, 72, 73, 74], "summary": {"covered_lines": 32, "num_statements": 32, "percent_covered": 100.0, "percent_covered_display": "100", "missing_lines": 0, "excluded_lines": 0, "percent_statements_covered": 100.0, "percent_statements_covered_display": "100"}, "missing_lines": [], "excluded_lines": [], "functions": {"test_sarif_shape_and_version": {"executed_lines": [37, 38, 39, 40, 41, 42, 43], "summary": {"covered_lines": 7, "num_statements": 7, "percent_covered": 100.0, "percent_covered_display": "100", "missing_lines": 0, "excluded_lines": 0, "percent_statements_covered": 100.0, "percent_statements_covered_display": "100"}, "missing_lines": [], "excluded_lines": [], "start_line": 36}, "test_levels_and_security_severity": {"executed_lines": [47, 48, 49, 51, 52, 53, 54, 55], "summary": {"covered_lines": 8, "num_statements": 8, "percent_covered": 100.0, "percent_covered_display": "100", "missing_lines": 0, "excluded_lines": 0, "percent_statements_covered": 100.0, "percent_statements_covered_display": "100"}, "missing_lines": [], "excluded_lines": [], "start_line": 46}, "test_location_and_deploy_blocking": {"executed_lines": [59, 60, 61, 62, 64, 65, 67, 68], "summary": {"covered_lines": 8, "num_statements": 8, "percent_covered": 100.0, "percent_covered_display": "100", "missing_lines": 0, "excluded_lines": 0, "percent_statements_covered": 100.0, "percent_statements_covered_display": "100"}, "missing_lines": [], "excluded_lines": [], "start_line": 58}, "test_empty_findings_valid": {"executed_lines": [72, 73, 74], "summary": {"covered_lines": 3, "num_statements": 3, "percent_covered": 100.0, "percent_covered_display": "100", "missing_lines": 0, "excluded_lines": 0, "percent_statements_covered": 100.0, "percent_statements_covered_display": "100"}, "missing_lines": [], "excluded_lines": [], "start_line": 71}, "": {"executed_lines": [3, 5, 36, 46, 58, 71], "summary": {"covered_lines": 6, "num_statements": 6, "percent_covered": 100.0, "percent_covered_display": "100", "missing_lines": 0, "excluded_lines": 0, "percent_statements_covered": 100.0, "percent_statements_covered_display": "100"}, "missing_lines": [], "excluded_lines": [], "start_line": 1}}, "classes": {"": {"executed_lines": [3, 5, 36, 37, 38, 39, 40, 41, 42, 43, 46, 47, 48, 49, 51, 52, 53, 54, 55, 58, 59, 60, 61, 62, 64, 65, 67, 68, 71, 72, 73, 74], "summary": {"covered_lines": 32, "num_statements": 32, "percent_covered": 100.0, "percent_covered_display": "100", "missing_lines": 0, "excluded_lines": 0, "percent_statements_covered": 100.0, "percent_statements_covered_display": "100"}, "missing_lines": [], "excluded_lines": [], "start_line": 1}}}, "tests/test_sbom.py": {"executed_lines": [3, 5, 10, 11, 14, 15, 16, 17, 20, 21, 24, 25, 26, 29, 30, 33, 34, 35, 36, 37, 40, 41, 42, 45, 46, 49, 50, 51, 52, 53, 54, 55, 58, 59, 60], "summary": {"covered_lines": 35, "num_statements": 35, "percent_covered": 100.0, "percent_covered_display": "100", "missing_lines": 0, "excluded_lines": 0, "percent_statements_covered": 100.0, "percent_statements_covered_display": "100"}, "missing_lines": [], "excluded_lines": [], "functions": {"test_package_json_strips_ranges": {"executed_lines": [11, 14, 15, 16, 17], "summary": {"covered_lines": 5, "num_statements": 5, "percent_covered": 100.0, "percent_covered_display": "100", "missing_lines": 0, "excluded_lines": 0, "percent_statements_covered": 100.0, "percent_statements_covered_display": "100"}, "missing_lines": [], "excluded_lines": [], "start_line": 10}, "test_package_lock_uses_resolved": {"executed_lines": [21, 24, 25, 26], "summary": {"covered_lines": 4, "num_statements": 4, "percent_covered": 100.0, "percent_covered_display": "100", "missing_lines": 0, "excluded_lines": 0, "percent_statements_covered": 100.0, "percent_statements_covered_display": "100"}, "missing_lines": [], "excluded_lines": [], "start_line": 20}, "test_requirements_pins_only": {"executed_lines": [30, 33, 34, 35, 36, 37], "summary": {"covered_lines": 6, "num_statements": 6, "percent_covered": 100.0, "percent_covered_display": "100", "missing_lines": 0, "excluded_lines": 0, "percent_statements_covered": 100.0, "percent_statements_covered_display": "100"}, "missing_lines": [], "excluded_lines": [], "start_line": 29}, "test_collect_prefers_lockfile": {"executed_lines": [41, 42, 45, 46], "summary": {"covered_lines": 4, "num_statements": 4, "percent_covered": 100.0, "percent_covered_display": "100", "missing_lines": 0, "excluded_lines": 0, "percent_statements_covered": 100.0, "percent_statements_covered_display": "100"}, "missing_lines": [], "excluded_lines": [], "start_line": 40}, "test_build_sbom_shape": {"executed_lines": [50, 51, 52, 53, 54, 55], "summary": {"covered_lines": 6, "num_statements": 6, "percent_covered": 100.0, "percent_covered_display": "100", "missing_lines": 0, "excluded_lines": 0, "percent_statements_covered": 100.0, "percent_statements_covered_display": "100"}, "missing_lines": [], "excluded_lines": [], "start_line": 49}, "test_dedupes": {"executed_lines": [59, 60], "summary": {"covered_lines": 2, "num_statements": 2, "percent_covered": 100.0, "percent_covered_display": "100", "missing_lines": 0, "excluded_lines": 0, "percent_statements_covered": 100.0, "percent_statements_covered_display": "100"}, "missing_lines": [], "excluded_lines": [], "start_line": 58}, "": {"executed_lines": [3, 5, 10, 20, 29, 40, 49, 58], "summary": {"covered_lines": 8, "num_statements": 8, "percent_covered": 100.0, "percent_covered_display": "100", "missing_lines": 0, "excluded_lines": 0, "percent_statements_covered": 100.0, "percent_statements_covered_display": "100"}, "missing_lines": [], "excluded_lines": [], "start_line": 1}}, "classes": {"": {"executed_lines": [3, 5, 10, 11, 14, 15, 16, 17, 20, 21, 24, 25, 26, 29, 30, 33, 34, 35, 36, 37, 40, 41, 42, 45, 46, 49, 50, 51, 52, 53, 54, 55, 58, 59, 60], "summary": {"covered_lines": 35, "num_statements": 35, "percent_covered": 100.0, "percent_covered_display": "100", "missing_lines": 0, "excluded_lines": 0, "percent_statements_covered": 100.0, "percent_statements_covered_display": "100"}, "missing_lines": [], "excluded_lines": [], "start_line": 1}}}, "tests/test_sbom_lockfiles.py": {"executed_lines": [3, 6, 28, 42, 52, 70, 71, 72, 73, 74, 75, 76, 77, 80, 81, 82, 83, 85, 86, 87, 90, 91, 92, 93, 94, 95, 98, 99, 100, 101, 102, 103, 104, 105, 108, 109, 110, 111, 112, 113, 116, 117, 118, 119, 120, 121, 124, 125, 126, 127, 128, 129, 130], "summary": {"covered_lines": 53, "num_statements": 53, "percent_covered": 100.0, "percent_covered_display": "100", "missing_lines": 0, "excluded_lines": 0, "percent_statements_covered": 100.0, "percent_statements_covered_display": "100"}, "missing_lines": [], "excluded_lines": [], "functions": {"test_poetry_lock_resolved": {"executed_lines": [71, 72, 73, 74, 75, 76, 77], "summary": {"covered_lines": 7, "num_statements": 7, "percent_covered": 100.0, "percent_covered_display": "100", "missing_lines": 0, "excluded_lines": 0, "percent_statements_covered": 100.0, "percent_statements_covered_display": "100"}, "missing_lines": [], "excluded_lines": [], "start_line": 70}, "test_pnpm_lock_v6_at_style": {"executed_lines": [81, 82, 83, 85, 86, 87], "summary": {"covered_lines": 6, "num_statements": 6, "percent_covered": 100.0, "percent_covered_display": "100", "missing_lines": 0, "excluded_lines": 0, "percent_statements_covered": 100.0, "percent_statements_covered_display": "100"}, "missing_lines": [], "excluded_lines": [], "start_line": 80}, "test_pnpm_lock_v5_slash_style": {"executed_lines": [91, 92, 93, 94, 95], "summary": {"covered_lines": 5, "num_statements": 5, "percent_covered": 100.0, "percent_covered_display": "100", "missing_lines": 0, "excluded_lines": 0, "percent_statements_covered": 100.0, "percent_statements_covered_display": "100"}, "missing_lines": [], "excluded_lines": [], "start_line": 90}, "test_yarn_lock_resolved": {"executed_lines": [99, 100, 101, 102, 103, 104, 105], "summary": {"covered_lines": 7, "num_statements": 7, "percent_covered": 100.0, "percent_covered_display": "100", "missing_lines": 0, "excluded_lines": 0, "percent_statements_covered": 100.0, "percent_statements_covered_display": "100"}, "missing_lines": [], "excluded_lines": [], "start_line": 98}, "test_collect_prefers_pnpm_over_manifest": {"executed_lines": [109, 110, 111, 112, 113], "summary": {"covered_lines": 5, "num_statements": 5, "percent_covered": 100.0, "percent_covered_display": "100", "missing_lines": 0, "excluded_lines": 0, "percent_statements_covered": 100.0, "percent_statements_covered_display": "100"}, "missing_lines": [], "excluded_lines": [], "start_line": 108}, "test_collect_prefers_yarn_over_manifest": {"executed_lines": [117, 118, 119, 120, 121], "summary": {"covered_lines": 5, "num_statements": 5, "percent_covered": 100.0, "percent_covered_display": "100", "missing_lines": 0, "excluded_lines": 0, "percent_statements_covered": 100.0, "percent_statements_covered_display": "100"}, "missing_lines": [], "excluded_lines": [], "start_line": 116}, "test_collect_poetry_is_additive": {"executed_lines": [125, 126, 127, 128, 129, 130], "summary": {"covered_lines": 6, "num_statements": 6, "percent_covered": 100.0, "percent_covered_display": "100", "missing_lines": 0, "excluded_lines": 0, "percent_statements_covered": 100.0, "percent_statements_covered_display": "100"}, "missing_lines": [], "excluded_lines": [], "start_line": 124}, "": {"executed_lines": [3, 6, 28, 42, 52, 70, 80, 90, 98, 108, 116, 124], "summary": {"covered_lines": 12, "num_statements": 12, "percent_covered": 100.0, "percent_covered_display": "100", "missing_lines": 0, "excluded_lines": 0, "percent_statements_covered": 100.0, "percent_statements_covered_display": "100"}, "missing_lines": [], "excluded_lines": [], "start_line": 1}}, "classes": {"": {"executed_lines": [3, 6, 28, 42, 52, 70, 71, 72, 73, 74, 75, 76, 77, 80, 81, 82, 83, 85, 86, 87, 90, 91, 92, 93, 94, 95, 98, 99, 100, 101, 102, 103, 104, 105, 108, 109, 110, 111, 112, 113, 116, 117, 118, 119, 120, 121, 124, 125, 126, 127, 128, 129, 130], "summary": {"covered_lines": 53, "num_statements": 53, "percent_covered": 100.0, "percent_covered_display": "100", "missing_lines": 0, "excluded_lines": 0, "percent_statements_covered": 100.0, "percent_statements_covered_display": "100"}, "missing_lines": [], "excluded_lines": [], "start_line": 1}}}, "tests/test_secret_injection_rules.py": {"executed_lines": [3, 5, 7, 8, 9, 12, 13, 14, 17, 54, 55, 56, 57, 58, 59, 60, 61, 64, 65, 66, 67, 68], "summary": {"covered_lines": 22, "num_statements": 22, "percent_covered": 100.0, "percent_covered_display": "100", "missing_lines": 0, "excluded_lines": 0, "percent_statements_covered": 100.0, "percent_statements_covered_display": "100"}, "missing_lines": [], "excluded_lines": [], "functions": {"_rule": {"executed_lines": [13, 14], "summary": {"covered_lines": 2, "num_statements": 2, "percent_covered": 100.0, "percent_covered_display": "100", "missing_lines": 0, "excluded_lines": 0, "percent_statements_covered": 100.0, "percent_statements_covered_display": "100"}, "missing_lines": [], "excluded_lines": [], "start_line": 12}, "test_rule_precision": {"executed_lines": [56, 57, 58, 59, 60, 61], "summary": {"covered_lines": 6, "num_statements": 6, "percent_covered": 100.0, "percent_covered_display": "100", "missing_lines": 0, "excluded_lines": 0, "percent_statements_covered": 100.0, "percent_statements_covered_display": "100"}, "missing_lines": [], "excluded_lines": [], "start_line": 55}, "test_severities": {"executed_lines": [65, 66, 67, 68], "summary": {"covered_lines": 4, "num_statements": 4, "percent_covered": 100.0, "percent_covered_display": "100", "missing_lines": 0, "excluded_lines": 0, "percent_statements_covered": 100.0, "percent_statements_covered_display": "100"}, "missing_lines": [], "excluded_lines": [], "start_line": 64}, "": {"executed_lines": [3, 5, 7, 8, 9, 12, 17, 54, 55, 64], "summary": {"covered_lines": 10, "num_statements": 10, "percent_covered": 100.0, "percent_covered_display": "100", "missing_lines": 0, "excluded_lines": 0, "percent_statements_covered": 100.0, "percent_statements_covered_display": "100"}, "missing_lines": [], "excluded_lines": [], "start_line": 1}}, "classes": {"": {"executed_lines": [3, 5, 7, 8, 9, 12, 13, 14, 17, 54, 55, 56, 57, 58, 59, 60, 61, 64, 65, 66, 67, 68], "summary": {"covered_lines": 22, "num_statements": 22, "percent_covered": 100.0, "percent_covered_display": "100", "missing_lines": 0, "excluded_lines": 0, "percent_statements_covered": 100.0, "percent_statements_covered_display": "100"}, "missing_lines": [], "excluded_lines": [], "start_line": 1}}}, "tests/test_ssrf_protection.py": {"executed_lines": [1, 4, 5, 6, 9, 10, 11, 14, 15, 16, 17, 20, 21, 22, 25, 26, 27, 28, 31, 32, 33, 36, 37, 38, 39, 42, 43, 44, 45, 48, 50, 53, 54, 55, 58, 59, 60], "summary": {"covered_lines": 37, "num_statements": 37, "percent_covered": 100.0, "percent_covered_display": "100", "missing_lines": 0, "excluded_lines": 0, "percent_statements_covered": 100.0, "percent_statements_covered_display": "100"}, "missing_lines": [], "excluded_lines": [], "functions": {"test_is_safe_url_public_domains": {"executed_lines": [5, 6], "summary": {"covered_lines": 2, "num_statements": 2, "percent_covered": 100.0, "percent_covered_display": "100", "missing_lines": 0, "excluded_lines": 0, "percent_statements_covered": 100.0, "percent_statements_covered_display": "100"}, "missing_lines": [], "excluded_lines": [], "start_line": 4}, "test_is_safe_url_ipv4_localhost": {"executed_lines": [10, 11], "summary": {"covered_lines": 2, "num_statements": 2, "percent_covered": 100.0, "percent_covered_display": "100", "missing_lines": 0, "excluded_lines": 0, "percent_statements_covered": 100.0, "percent_statements_covered_display": "100"}, "missing_lines": [], "excluded_lines": [], "start_line": 9}, "test_is_safe_url_ipv6_localhost": {"executed_lines": [15, 16, 17], "summary": {"covered_lines": 3, "num_statements": 3, "percent_covered": 100.0, "percent_covered_display": "100", "missing_lines": 0, "excluded_lines": 0, "percent_statements_covered": 100.0, "percent_statements_covered_display": "100"}, "missing_lines": [], "excluded_lines": [], "start_line": 14}, "test_is_safe_url_localhost_domain": {"executed_lines": [21, 22], "summary": {"covered_lines": 2, "num_statements": 2, "percent_covered": 100.0, "percent_covered_display": "100", "missing_lines": 0, "excluded_lines": 0, "percent_statements_covered": 100.0, "percent_statements_covered_display": "100"}, "missing_lines": [], "excluded_lines": [], "start_line": 20}, "test_is_safe_url_private_ips": {"executed_lines": [26, 27, 28], "summary": {"covered_lines": 3, "num_statements": 3, "percent_covered": 100.0, "percent_covered_display": "100", "missing_lines": 0, "excluded_lines": 0, "percent_statements_covered": 100.0, "percent_statements_covered_display": "100"}, "missing_lines": [], "excluded_lines": [], "start_line": 25}, "test_is_safe_url_unspecified_ips": {"executed_lines": [32, 33], "summary": {"covered_lines": 2, "num_statements": 2, "percent_covered": 100.0, "percent_covered_display": "100", "missing_lines": 0, "excluded_lines": 0, "percent_statements_covered": 100.0, "percent_statements_covered_display": "100"}, "missing_lines": [], "excluded_lines": [], "start_line": 31}, "test_is_safe_url_multicast_ips": {"executed_lines": [37, 38, 39], "summary": {"covered_lines": 3, "num_statements": 3, "percent_covered": 100.0, "percent_covered_display": "100", "missing_lines": 0, "excluded_lines": 0, "percent_statements_covered": 100.0, "percent_statements_covered_display": "100"}, "missing_lines": [], "excluded_lines": [], "start_line": 36}, "test_is_safe_url_unsupported_schemes": {"executed_lines": [43, 44, 45], "summary": {"covered_lines": 3, "num_statements": 3, "percent_covered": 100.0, "percent_covered_display": "100", "missing_lines": 0, "excluded_lines": 0, "percent_statements_covered": 100.0, "percent_statements_covered_display": "100"}, "missing_lines": [], "excluded_lines": [], "start_line": 42}, "test_is_safe_url_unresolvable_domain": {"executed_lines": [50], "summary": {"covered_lines": 1, "num_statements": 1, "percent_covered": 100.0, "percent_covered_display": "100", "missing_lines": 0, "excluded_lines": 0, "percent_statements_covered": 100.0, "percent_statements_covered_display": "100"}, "missing_lines": [], "excluded_lines": [], "start_line": 48}, "test_is_safe_url_mapped_ips": {"executed_lines": [54, 55], "summary": {"covered_lines": 2, "num_statements": 2, "percent_covered": 100.0, "percent_covered_display": "100", "missing_lines": 0, "excluded_lines": 0, "percent_statements_covered": 100.0, "percent_statements_covered_display": "100"}, "missing_lines": [], "excluded_lines": [], "start_line": 53}, "test_is_safe_url_reserved_and_not_global_ips": {"executed_lines": [59, 60], "summary": {"covered_lines": 2, "num_statements": 2, "percent_covered": 100.0, "percent_covered_display": "100", "missing_lines": 0, "excluded_lines": 0, "percent_statements_covered": 100.0, "percent_statements_covered_display": "100"}, "missing_lines": [], "excluded_lines": [], "start_line": 58}, "": {"executed_lines": [1, 4, 9, 14, 20, 25, 31, 36, 42, 48, 53, 58], "summary": {"covered_lines": 12, "num_statements": 12, "percent_covered": 100.0, "percent_covered_display": "100", "missing_lines": 0, "excluded_lines": 0, "percent_statements_covered": 100.0, "percent_statements_covered_display": "100"}, "missing_lines": [], "excluded_lines": [], "start_line": 1}}, "classes": {"": {"executed_lines": [1, 4, 5, 6, 9, 10, 11, 14, 15, 16, 17, 20, 21, 22, 25, 26, 27, 28, 31, 32, 33, 36, 37, 38, 39, 42, 43, 44, 45, 48, 50, 53, 54, 55, 58, 59, 60], "summary": {"covered_lines": 37, "num_statements": 37, "percent_covered": 100.0, "percent_covered_display": "100", "missing_lines": 0, "excluded_lines": 0, "percent_statements_covered": 100.0, "percent_statements_covered_display": "100"}, "missing_lines": [], "excluded_lines": [], "start_line": 1}}}}, "totals": {"covered_lines": 5144, "num_statements": 5640, "percent_covered": 91.20567375886525, "percent_covered_display": "91", "missing_lines": 496, "excluded_lines": 73, "percent_statements_covered": 91.20567375886525, "percent_statements_covered_display": "91"}}